<?xml version="1.0" encoding="UTF-8"?>
<!-- Generated by org.testng.reporters.JUnitXMLReporter -->
<testsuite ignored="0" hostname="MacBook-Pro.local" failures="0" tests="14" name="Chrome Tests" time="40.5" errors="0" timestamp="2026-01-23T00:52:41 CET">
  <testcase classname="com.qa.toolsqa.tests.RegisterTest" name="testRegistrationFailsWithoutFirstName" time="0.167"/>
  <testcase classname="com.qa.toolsqa.tests.RegisterTest" name="testRegistrationFailsWithoutLastName" time="0.209"/>
  <testcase classname="com.qa.toolsqa.tests.RegisterTest" name="testRegistrationFailsWithoutPassword" time="0.144"/>
  <testcase classname="com.qa.toolsqa.tests.RegisterTest" name="testRegistrationFailsWithoutRecaptcha" time="0.21"/>
  <testcase classname="com.qa.toolsqa.tests.RegisterTest" name="testRegistrationFailsWithoutUsername" time="0.202"/>
  <testcase classname="com.qa.toolsqa.tests.LoginTest" name="testLoginFailWithEmptyPassword" time="0.112"/>
  <testcase classname="com.qa.toolsqa.tests.LoginTest" name="testLoginFailsWithEmptyUsername" time="0.101"/>
  <testcase classname="com.qa.toolsqa.tests.LoginTest" name="testLoginFailsWithInvalidCredential" time="1.585"/>
  <testcase classname="com.qa.toolsqa.tests.LoginTest" name="testLoginFailsWithInvalidPassword" time="0.11"/>
  <testcase classname="com.qa.toolsqa.tests.LoginTest" name="testLoginWithValidCredentials" time="1.609"/>
  <testcase classname="com.qa.toolsqa.tests.NavigationTest" name="logoutFromBookStorePage" time="3.116"/>
  <testcase classname="com.qa.toolsqa.tests.NavigationTest" name="testUserCanLogoutFromPRofilePage" time="2.11"/>
  <testcase classname="com.qa.toolsqa.tests.NavigationTest" name="testUserCanNavigateToBookStoreFromProfile" time="2.153"/>
  <testcase classname="com.qa.toolsqa.tests.DeleteAccountTest" name="confermationMessage" time="2.091"/>
</testsuite> <!-- Chrome Tests -->
