<?xml version="1.0" encoding="UTF-8"?>
<!-- Generated by org.testng.reporters.JUnitXMLReporter -->
<testsuite ignored="0" hostname="MacBook-Pro.local" failures="0" tests="14" name="Firefox Tests" time="77.78" errors="0" timestamp="2026-01-23T00:53:18 CET">
  <testcase classname="com.qa.toolsqa.tests.RegisterTest" name="testRegistrationFailsWithoutFirstName" time="0.055"/>
  <testcase classname="com.qa.toolsqa.tests.RegisterTest" name="testRegistrationFailsWithoutLastName" time="0.048"/>
  <testcase classname="com.qa.toolsqa.tests.RegisterTest" name="testRegistrationFailsWithoutPassword" time="0.073"/>
  <testcase classname="com.qa.toolsqa.tests.RegisterTest" name="testRegistrationFailsWithoutRecaptcha" time="0.051"/>
  <testcase classname="com.qa.toolsqa.tests.RegisterTest" name="testRegistrationFailsWithoutUsername" time="0.046"/>
  <testcase classname="com.qa.toolsqa.tests.LoginTest" name="testLoginFailWithEmptyPassword" time="0.034"/>
  <testcase classname="com.qa.toolsqa.tests.LoginTest" name="testLoginFailsWithEmptyUsername" time="0.043"/>
  <testcase classname="com.qa.toolsqa.tests.LoginTest" name="testLoginFailsWithInvalidCredential" time="1.077"/>
  <testcase classname="com.qa.toolsqa.tests.LoginTest" name="testLoginFailsWithInvalidPassword" time="0.05"/>
  <testcase classname="com.qa.toolsqa.tests.LoginTest" name="testLoginWithValidCredentials" time="1.074"/>
  <testcase classname="com.qa.toolsqa.tests.NavigationTest" name="logoutFromBookStorePage" time="2.149"/>
  <testcase classname="com.qa.toolsqa.tests.NavigationTest" name="testUserCanLogoutFromPRofilePage" time="1.593"/>
  <testcase classname="com.qa.toolsqa.tests.NavigationTest" name="testUserCanNavigateToBookStoreFromProfile" time="2.615"/>
  <testcase classname="com.qa.toolsqa.tests.DeleteAccountTest" name="confermationMessage" time="1.624"/>
</testsuite> <!-- Firefox Tests -->
