<?xml version="1.0" encoding="UTF-8"?>
<!-- Generated by org.testng.reporters.JUnitXMLReporter -->
<testsuite ignored="0" hostname="MacBook-Pro.local" failures="0" tests="5" name="Default test" time="13.596" errors="0" timestamp="2026-01-23T00:09:47 CET">
  <testcase classname="com.qa.toolsqa.tests.RegisterTest" name="testRegistrationFailsWithoutFirstName" time="0.194"/>
  <testcase classname="com.qa.toolsqa.tests.RegisterTest" name="testRegistrationFailsWithoutLastName" time="0.134"/>
  <testcase classname="com.qa.toolsqa.tests.RegisterTest" name="testRegistrationFailsWithoutPassword" time="0.198"/>
  <testcase classname="com.qa.toolsqa.tests.RegisterTest" name="testRegistrationFailsWithoutRecaptcha" time="0.2"/>
  <testcase classname="com.qa.toolsqa.tests.RegisterTest" name="testRegistrationFailsWithoutUsername" time="0.202"/>
</testsuite> <!-- Default test -->
