<?xml version="1.0" encoding="UTF-8"?>
<testsuite xmlns:xsi="http://www.w3.org/2001/XMLSchema-instance" xsi:noNamespaceSchemaLocation="https://maven.apache.org/surefire/maven-surefire-plugin/xsd/surefire-test-report-3.0.xsd" version="3.0" name="TestSuite" time="77.927" tests="28" errors="0" skipped="0" failures="0">
  <properties>
[...]
</properties>
  <testcase name="testRegistrationFailsWithoutFirstName" classname="com.qa.toolsqa.tests.RegisterTest" time="0.054">
    <system-err><![CDATA[[TestNG-tests-1] INFO io.github.bonigarcia.wdm.WebDriverManager - Using chromedriver 144.0.7559.96 (resolved driver for Chrome 144)
[TestNG-tests-2] INFO io.github.bonigarcia.wdm.WebDriverManager - Using geckodriver 0.36.0 (resolved driver for Firefox 147)
[TestNG-tests-1] INFO io.github.bonigarcia.wdm.WebDriverManager - Exporting webdriver.chrome.driver as /Users/saja/.cache/selenium/chromedriver/mac-arm64/144.0.7559.96/chromedriver
[TestNG-tests-2] INFO io.github.bonigarcia.wdm.WebDriverManager - Exporting webdriver.gecko.driver as /Users/saja/.cache/selenium/geckodriver/mac-arm64/0.36.0/geckodriver
Jan 23, 2026 12:52:01 AM org.openqa.selenium.devtools.CdpVersionFinder findNearestMatch
WARNING: Unable to find CDP implementation matching 144
Jan 23, 2026 12:52:01 AM org.openqa.selenium.chromium.ChromiumDriver lambda$new$5
WARNING: Unable to find version of CDP to use for 144.0.7559.96. You may need to include a dependency on a specific version of the CDP using something similar to `org.seleniumhq.selenium:selenium-devtools-v86:4.25.0` where the version ("v86") matches the version of the chromium-based browser you're using and the version number of the artifact is the same as Selenium's.
]]></system-err>
  </testcase>
  <testcase name="testRegistrationFailsWithoutFirstName" classname="com.qa.toolsqa.tests.RegisterTest" time="0.089"/>
  <testcase name="testRegistrationFailsWithoutLastName" classname="com.qa.toolsqa.tests.RegisterTest" time="0.208">
    <system-err><![CDATA[[TestNG-tests-1] INFO io.github.bonigarcia.wdm.WebDriverManager - Using chromedriver 144.0.7559.96 (resolved driver for Chrome 144)
[TestNG-tests-1] INFO io.github.bonigarcia.wdm.WebDriverManager - Exporting webdriver.chrome.driver as /Users/saja/.cache/selenium/chromedriver/mac-arm64/144.0.7559.96/chromedriver
Jan 23, 2026 12:52:04 AM org.openqa.selenium.devtools.CdpVersionFinder findNearestMatch
WARNING: Unable to find CDP implementation matching 144
Jan 23, 2026 12:52:04 AM org.openqa.selenium.chromium.ChromiumDriver lambda$new$5
WARNING: Unable to find version of CDP to use for 144.0.7559.96. You may need to include a dependency on a specific version of the CDP using something similar to `org.seleniumhq.selenium:selenium-devtools-v86:4.25.0` where the version ("v86") matches the version of the chromium-based browser you're using and the version number of the artifact is the same as Selenium's.
]]></system-err>
  </testcase>
  <testcase name="testRegistrationFailsWithoutLastName" classname="com.qa.toolsqa.tests.RegisterTest" time="0.048">
    <system-err><![CDATA[[TestNG-tests-1] INFO io.github.bonigarcia.wdm.WebDriverManager - Using chromedriver 144.0.7559.96 (resolved driver for Chrome 144)
[TestNG-tests-1] INFO io.github.bonigarcia.wdm.WebDriverManager - Exporting webdriver.chrome.driver as /Users/saja/.cache/selenium/chromedriver/mac-arm64/144.0.7559.96/chromedriver
Jan 23, 2026 12:52:20 AM org.openqa.selenium.devtools.CdpVersionFinder findNearestMatch
WARNING: Unable to find CDP implementation matching 144
Jan 23, 2026 12:52:20 AM org.openqa.selenium.chromium.ChromiumDriver lambda$new$5
WARNING: Unable to find version of CDP to use for 144.0.7559.96. You may need to include a dependency on a specific version of the CDP using something similar to `org.seleniumhq.selenium:selenium-devtools-v86:4.25.0` where the version ("v86") matches the version of the chromium-based browser you're using and the version number of the artifact is the same as Selenium's.
]]></system-err>
  </testcase>
  <testcase name="testRegistrationFailsWithoutPassword" classname="com.qa.toolsqa.tests.RegisterTest" time="0.144">
    <system-err><![CDATA[[TestNG-tests-1] INFO io.github.bonigarcia.wdm.WebDriverManager - Using chromedriver 144.0.7559.96 (resolved driver for Chrome 144)
[TestNG-tests-1] INFO io.github.bonigarcia.wdm.WebDriverManager - Exporting webdriver.chrome.driver as /Users/saja/.cache/selenium/chromedriver/mac-arm64/144.0.7559.96/chromedriver
Jan 23, 2026 12:52:06 AM org.openqa.selenium.devtools.CdpVersionFinder findNearestMatch
WARNING: Unable to find CDP implementation matching 144
Jan 23, 2026 12:52:06 AM org.openqa.selenium.chromium.ChromiumDriver lambda$new$5
WARNING: Unable to find version of CDP to use for 144.0.7559.96. You may need to include a dependency on a specific version of the CDP using something similar to `org.seleniumhq.selenium:selenium-devtools-v86:4.25.0` where the version ("v86") matches the version of the chromium-based browser you're using and the version number of the artifact is the same as Selenium's.
]]></system-err>
  </testcase>
  <testcase name="testRegistrationFailsWithoutPassword" classname="com.qa.toolsqa.tests.RegisterTest" time="0.073">
    <system-err><![CDATA[[TestNG-tests-1] INFO io.github.bonigarcia.wdm.WebDriverManager - Using chromedriver 144.0.7559.96 (resolved driver for Chrome 144)
[TestNG-tests-1] INFO io.github.bonigarcia.wdm.WebDriverManager - Exporting webdriver.chrome.driver as /Users/saja/.cache/selenium/chromedriver/mac-arm64/144.0.7559.96/chromedriver
Jan 23, 2026 12:52:22 AM org.openqa.selenium.devtools.CdpVersionFinder findNearestMatch
WARNING: Unable to find CDP implementation matching 144
Jan 23, 2026 12:52:22 AM org.openqa.selenium.chromium.ChromiumDriver lambda$new$5
WARNING: Unable to find version of CDP to use for 144.0.7559.96. You may need to include a dependency on a specific version of the CDP using something similar to `org.seleniumhq.selenium:selenium-devtools-v86:4.25.0` where the version ("v86") matches the version of the chromium-based browser you're using and the version number of the artifact is the same as Selenium's.
]]></system-err>
  </testcase>
  <testcase name="testRegistrationFailsWithoutRecaptcha" classname="com.qa.toolsqa.tests.RegisterTest" time="0.209">
    <system-err><![CDATA[[TestNG-tests-1] INFO io.github.bonigarcia.wdm.WebDriverManager - Using chromedriver 144.0.7559.96 (resolved driver for Chrome 144)
[TestNG-tests-1] INFO io.github.bonigarcia.wdm.WebDriverManager - Exporting webdriver.chrome.driver as /Users/saja/.cache/selenium/chromedriver/mac-arm64/144.0.7559.96/chromedriver
Jan 23, 2026 12:52:08 AM org.openqa.selenium.devtools.CdpVersionFinder findNearestMatch
WARNING: Unable to find CDP implementation matching 144
Jan 23, 2026 12:52:08 AM org.openqa.selenium.chromium.ChromiumDriver lambda$new$5
WARNING: Unable to find version of CDP to use for 144.0.7559.96. You may need to include a dependency on a specific version of the CDP using something similar to `org.seleniumhq.selenium:selenium-devtools-v86:4.25.0` where the version ("v86") matches the version of the chromium-based browser you're using and the version number of the artifact is the same as Selenium's.
]]></system-err>
  </testcase>
  <testcase name="testRegistrationFailsWithoutRecaptcha" classname="com.qa.toolsqa.tests.RegisterTest" time="0.051">
    <system-err><![CDATA[[TestNG-tests-2] INFO io.github.bonigarcia.wdm.WebDriverManager - Using geckodriver 0.36.0 (resolved driver for Firefox 147)
[TestNG-tests-2] INFO io.github.bonigarcia.wdm.WebDriverManager - Exporting webdriver.gecko.driver as /Users/saja/.cache/selenium/geckodriver/mac-arm64/0.36.0/geckodriver
[TestNG-tests-1] INFO io.github.bonigarcia.wdm.WebDriverManager - Using chromedriver 144.0.7559.96 (resolved driver for Chrome 144)
[TestNG-tests-1] INFO io.github.bonigarcia.wdm.WebDriverManager - Exporting webdriver.chrome.driver as /Users/saja/.cache/selenium/chromedriver/mac-arm64/144.0.7559.96/chromedriver
Jan 23, 2026 12:52:25 AM org.openqa.selenium.devtools.CdpVersionFinder findNearestMatch
WARNING: Unable to find CDP implementation matching 144
Jan 23, 2026 12:52:25 AM org.openqa.selenium.chromium.ChromiumDriver lambda$new$5
WARNING: Unable to find version of CDP to use for 144.0.7559.96. You may need to include a dependency on a specific version of the CDP using something similar to `org.seleniumhq.selenium:selenium-devtools-v86:4.25.0` where the version ("v86") matches the version of the chromium-based browser you're using and the version number of the artifact is the same as Selenium's.
]]></system-err>
  </testcase>
  <testcase name="testRegistrationFailsWithoutUsername" classname="com.qa.toolsqa.tests.RegisterTest" time="0.202">
    <system-err><![CDATA[[TestNG-tests-1] INFO io.github.bonigarcia.wdm.WebDriverManager - Using chromedriver 144.0.7559.96 (resolved driver for Chrome 144)
[TestNG-tests-1] INFO io.github.bonigarcia.wdm.WebDriverManager - Exporting webdriver.chrome.driver as /Users/saja/.cache/selenium/chromedriver/mac-arm64/144.0.7559.96/chromedriver
Jan 23, 2026 12:52:11 AM org.openqa.selenium.devtools.CdpVersionFinder findNearestMatch
WARNING: Unable to find CDP implementation matching 144
Jan 23, 2026 12:52:11 AM org.openqa.selenium.chromium.ChromiumDriver lambda$new$5
WARNING: Unable to find version of CDP to use for 144.0.7559.96. You may need to include a dependency on a specific version of the CDP using something similar to `org.seleniumhq.selenium:selenium-devtools-v86:4.25.0` where the version ("v86") matches the version of the chromium-based browser you're using and the version number of the artifact is the same as Selenium's.
]]></system-err>
  </testcase>
  <testcase name="testRegistrationFailsWithoutUsername" classname="com.qa.toolsqa.tests.RegisterTest" time="0.046">
    <system-err><![CDATA[[TestNG-tests-1] INFO io.github.bonigarcia.wdm.WebDriverManager - Using chromedriver 144.0.7559.96 (resolved driver for Chrome 144)
[TestNG-tests-1] INFO io.github.bonigarcia.wdm.WebDriverManager - Exporting webdriver.chrome.driver as /Users/saja/.cache/selenium/chromedriver/mac-arm64/144.0.7559.96/chromedriver
Jan 23, 2026 12:52:30 AM org.openqa.selenium.devtools.CdpVersionFinder findNearestMatch
WARNING: Unable to find CDP implementation matching 144
Jan 23, 2026 12:52:30 AM org.openqa.selenium.chromium.ChromiumDriver lambda$new$5
WARNING: Unable to find version of CDP to use for 144.0.7559.96. You may need to include a dependency on a specific version of the CDP using something similar to `org.seleniumhq.selenium:selenium-devtools-v86:4.25.0` where the version ("v86") matches the version of the chromium-based browser you're using and the version number of the artifact is the same as Selenium's.
]]></system-err>
  </testcase>
  <testcase name="testLoginFailWithEmptyPassword" classname="com.qa.toolsqa.tests.LoginTest" time="0.111">
    <system-err><![CDATA[[TestNG-tests-1] INFO io.github.bonigarcia.wdm.WebDriverManager - Using chromedriver 144.0.7559.96 (resolved driver for Chrome 144)
[TestNG-tests-1] INFO io.github.bonigarcia.wdm.WebDriverManager - Exporting webdriver.chrome.driver as /Users/saja/.cache/selenium/chromedriver/mac-arm64/144.0.7559.96/chromedriver
Jan 23, 2026 12:52:13 AM org.openqa.selenium.devtools.CdpVersionFinder findNearestMatch
WARNING: Unable to find CDP implementation matching 144
Jan 23, 2026 12:52:13 AM org.openqa.selenium.chromium.ChromiumDriver lambda$new$5
WARNING: Unable to find version of CDP to use for 144.0.7559.96. You may need to include a dependency on a specific version of the CDP using something similar to `org.seleniumhq.selenium:selenium-devtools-v86:4.25.0` where the version ("v86") matches the version of the chromium-based browser you're using and the version number of the artifact is the same as Selenium's.
]]></system-err>
  </testcase>
  <testcase name="testLoginFailWithEmptyPassword" classname="com.qa.toolsqa.tests.LoginTest" time="0.034">
    <system-err><![CDATA[[TestNG-tests-1] INFO io.github.bonigarcia.wdm.WebDriverManager - Using chromedriver 144.0.7559.96 (resolved driver for Chrome 144)
[TestNG-tests-1] INFO io.github.bonigarcia.wdm.WebDriverManager - Exporting webdriver.chrome.driver as /Users/saja/.cache/selenium/chromedriver/mac-arm64/144.0.7559.96/chromedriver
Jan 23, 2026 12:52:38 AM org.openqa.selenium.devtools.CdpVersionFinder findNearestMatch
WARNING: Unable to find CDP implementation matching 144
Jan 23, 2026 12:52:38 AM org.openqa.selenium.chromium.ChromiumDriver lambda$new$5
WARNING: Unable to find version of CDP to use for 144.0.7559.96. You may need to include a dependency on a specific version of the CDP using something similar to `org.seleniumhq.selenium:selenium-devtools-v86:4.25.0` where the version ("v86") matches the version of the chromium-based browser you're using and the version number of the artifact is the same as Selenium's.
]]></system-err>
  </testcase>
  <testcase name="testLoginFailsWithEmptyUsername" classname="com.qa.toolsqa.tests.LoginTest" time="0.101">
    <system-err><![CDATA[[TestNG-tests-1] INFO io.github.bonigarcia.wdm.WebDriverManager - Using chromedriver 144.0.7559.96 (resolved driver for Chrome 144)
[TestNG-tests-1] INFO io.github.bonigarcia.wdm.WebDriverManager - Exporting webdriver.chrome.driver as /Users/saja/.cache/selenium/chromedriver/mac-arm64/144.0.7559.96/chromedriver
Jan 23, 2026 12:52:15 AM org.openqa.selenium.devtools.CdpVersionFinder findNearestMatch
WARNING: Unable to find CDP implementation matching 144
Jan 23, 2026 12:52:15 AM org.openqa.selenium.chromium.ChromiumDriver lambda$new$5
WARNING: Unable to find version of CDP to use for 144.0.7559.96. You may need to include a dependency on a specific version of the CDP using something similar to `org.seleniumhq.selenium:selenium-devtools-v86:4.25.0` where the version ("v86") matches the version of the chromium-based browser you're using and the version number of the artifact is the same as Selenium's.
]]></system-err>
  </testcase>
  <testcase name="testLoginFailsWithEmptyUsername" classname="com.qa.toolsqa.tests.LoginTest" time="0.043"/>
  <testcase name="testLoginFailsWithInvalidCredential" classname="com.qa.toolsqa.tests.LoginTest" time="1.586">
    <system-err><![CDATA[[TestNG-tests-1] INFO io.github.bonigarcia.wdm.WebDriverManager - Using chromedriver 144.0.7559.96 (resolved driver for Chrome 144)
[TestNG-tests-1] INFO io.github.bonigarcia.wdm.WebDriverManager - Exporting webdriver.chrome.driver as /Users/saja/.cache/selenium/chromedriver/mac-arm64/144.0.7559.96/chromedriver
Jan 23, 2026 12:52:16 AM org.openqa.selenium.devtools.CdpVersionFinder findNearestMatch
WARNING: Unable to find CDP implementation matching 144
Jan 23, 2026 12:52:16 AM org.openqa.selenium.chromium.ChromiumDriver lambda$new$5
WARNING: Unable to find version of CDP to use for 144.0.7559.96. You may need to include a dependency on a specific version of the CDP using something similar to `org.seleniumhq.selenium:selenium-devtools-v86:4.25.0` where the version ("v86") matches the version of the chromium-based browser you're using and the version number of the artifact is the same as Selenium's.
[TestNG-tests-2] INFO io.github.bonigarcia.wdm.WebDriverManager - Using geckodriver 0.36.0 (resolved driver for Firefox 147)
[TestNG-tests-2] INFO io.github.bonigarcia.wdm.WebDriverManager - Exporting webdriver.gecko.driver as /Users/saja/.cache/selenium/geckodriver/mac-arm64/0.36.0/geckodriver
]]></system-err>
  </testcase>
  <testcase name="testLoginFailsWithInvalidCredential" classname="com.qa.toolsqa.tests.LoginTest" time="1.076">
    <system-err><![CDATA[[TestNG-tests-2] INFO io.github.bonigarcia.wdm.WebDriverManager - Using geckodriver 0.36.0 (resolved driver for Firefox 147)
[TestNG-tests-2] INFO io.github.bonigarcia.wdm.WebDriverManager - Exporting webdriver.gecko.driver as /Users/saja/.cache/selenium/geckodriver/mac-arm64/0.36.0/geckodriver
]]></system-err>
  </testcase>
  <testcase name="testLoginFailsWithInvalidPassword" classname="com.qa.toolsqa.tests.LoginTest" time="0.109">
    <system-err><![CDATA[[TestNG-tests-2] INFO io.github.bonigarcia.wdm.WebDriverManager - Using geckodriver 0.36.0 (resolved driver for Firefox 147)
[TestNG-tests-2] INFO io.github.bonigarcia.wdm.WebDriverManager - Exporting webdriver.gecko.driver as /Users/saja/.cache/selenium/geckodriver/mac-arm64/0.36.0/geckodriver
]]></system-err>
  </testcase>
  <testcase name="testLoginFailsWithInvalidPassword" classname="com.qa.toolsqa.tests.LoginTest" time="0.049">
    <system-err><![CDATA[[TestNG-tests-2] INFO io.github.bonigarcia.wdm.WebDriverManager - Using geckodriver 0.36.0 (resolved driver for Firefox 147)
[TestNG-tests-2] INFO io.github.bonigarcia.wdm.WebDriverManager - Exporting webdriver.gecko.driver as /Users/saja/.cache/selenium/geckodriver/mac-arm64/0.36.0/geckodriver
]]></system-err>
  </testcase>
  <testcase name="testLoginWithValidCredentials" classname="com.qa.toolsqa.tests.LoginTest" time="0.425"/>
  <testcase name="testLoginWithValidCredentials" classname="com.qa.toolsqa.tests.LoginTest" time="1.073">
    <system-err><![CDATA[[TestNG-tests-2] INFO io.github.bonigarcia.wdm.WebDriverManager - Using geckodriver 0.36.0 (resolved driver for Firefox 147)
[TestNG-tests-2] INFO io.github.bonigarcia.wdm.WebDriverManager - Exporting webdriver.gecko.driver as /Users/saja/.cache/selenium/geckodriver/mac-arm64/0.36.0/geckodriver
]]></system-err>
  </testcase>
  <testcase name="logoutFromBookStorePage" classname="com.qa.toolsqa.tests.NavigationTest" time="1.232">
    <system-err><![CDATA[[TestNG-tests-2] INFO io.github.bonigarcia.wdm.WebDriverManager - Using geckodriver 0.36.0 (resolved driver for Firefox 147)
[TestNG-tests-2] INFO io.github.bonigarcia.wdm.WebDriverManager - Exporting webdriver.gecko.driver as /Users/saja/.cache/selenium/geckodriver/mac-arm64/0.36.0/geckodriver
]]></system-err>
  </testcase>
  <testcase name="logoutFromBookStorePage" classname="com.qa.toolsqa.tests.NavigationTest" time="2.147">
    <system-err><![CDATA[[TestNG-tests-2] INFO io.github.bonigarcia.wdm.WebDriverManager - Using geckodriver 0.36.0 (resolved driver for Firefox 147)
[TestNG-tests-2] INFO io.github.bonigarcia.wdm.WebDriverManager - Exporting webdriver.gecko.driver as /Users/saja/.cache/selenium/geckodriver/mac-arm64/0.36.0/geckodriver
]]></system-err>
  </testcase>
  <testcase name="testUserCanLogoutFromPRofilePage" classname="com.qa.toolsqa.tests.NavigationTest" time="1.132">
    <system-err><![CDATA[[TestNG-tests-2] INFO io.github.bonigarcia.wdm.WebDriverManager - Using geckodriver 0.36.0 (resolved driver for Firefox 147)
[TestNG-tests-2] INFO io.github.bonigarcia.wdm.WebDriverManager - Exporting webdriver.gecko.driver as /Users/saja/.cache/selenium/geckodriver/mac-arm64/0.36.0/geckodriver
]]></system-err>
  </testcase>
  <testcase name="testUserCanLogoutFromPRofilePage" classname="com.qa.toolsqa.tests.NavigationTest" time="1.592">
    <system-err><![CDATA[[TestNG-tests-2] INFO io.github.bonigarcia.wdm.WebDriverManager - Using geckodriver 0.36.0 (resolved driver for Firefox 147)
[TestNG-tests-2] INFO io.github.bonigarcia.wdm.WebDriverManager - Exporting webdriver.gecko.driver as /Users/saja/.cache/selenium/geckodriver/mac-arm64/0.36.0/geckodriver
]]></system-err>
  </testcase>
  <testcase name="testUserCanNavigateToBookStoreFromProfile" classname="com.qa.toolsqa.tests.NavigationTest" time="2.153">
    <system-err><![CDATA[[TestNG-tests-1] INFO io.github.bonigarcia.wdm.WebDriverManager - Using chromedriver 144.0.7559.96 (resolved driver for Chrome 144)
[TestNG-tests-1] INFO io.github.bonigarcia.wdm.WebDriverManager - Exporting webdriver.chrome.driver as /Users/saja/.cache/selenium/chromedriver/mac-arm64/144.0.7559.96/chromedriver
Jan 23, 2026 12:52:34 AM org.openqa.selenium.devtools.CdpVersionFinder findNearestMatch
WARNING: Unable to find CDP implementation matching 144
Jan 23, 2026 12:52:34 AM org.openqa.selenium.chromium.ChromiumDriver lambda$new$5
WARNING: Unable to find version of CDP to use for 144.0.7559.96. You may need to include a dependency on a specific version of the CDP using something similar to `org.seleniumhq.selenium:selenium-devtools-v86:4.25.0` where the version ("v86") matches the version of the chromium-based browser you're using and the version number of the artifact is the same as Selenium's.
]]></system-err>
  </testcase>
  <testcase name="testUserCanNavigateToBookStoreFromProfile" classname="com.qa.toolsqa.tests.NavigationTest" time="2.614">
    <system-err><![CDATA[[TestNG-tests-2] INFO io.github.bonigarcia.wdm.WebDriverManager - Using geckodriver 0.36.0 (resolved driver for Firefox 147)
[TestNG-tests-2] INFO io.github.bonigarcia.wdm.WebDriverManager - Exporting webdriver.gecko.driver as /Users/saja/.cache/selenium/geckodriver/mac-arm64/0.36.0/geckodriver
]]></system-err>
  </testcase>
  <testcase name="confermationMessage" classname="com.qa.toolsqa.tests.DeleteAccountTest" time="2.091">
    <system-err><![CDATA[[TestNG-tests-2] INFO io.github.bonigarcia.wdm.WebDriverManager - Using geckodriver 0.36.0 (resolved driver for Firefox 147)
[TestNG-tests-2] INFO io.github.bonigarcia.wdm.WebDriverManager - Exporting webdriver.gecko.driver as /Users/saja/.cache/selenium/geckodriver/mac-arm64/0.36.0/geckodriver
]]></system-err>
  </testcase>
  <testcase name="confermationMessage" classname="com.qa.toolsqa.tests.DeleteAccountTest" time="1.622">
    <system-err><![CDATA[[TestNG-tests-2] INFO io.github.bonigarcia.wdm.WebDriverManager - Using geckodriver 0.36.0 (resolved driver for Firefox 147)
[TestNG-tests-2] INFO io.github.bonigarcia.wdm.WebDriverManager - Exporting webdriver.gecko.driver as /Users/saja/.cache/selenium/geckodriver/mac-arm64/0.36.0/geckodriver
]]></system-err>
  </testcase>
</testsuite>