<!DOCTYPE html PUBLIC "-//W3C//DTD XHTML 1.1//EN" "https://www.w3.org/TR/xhtml11/DTD/xhtml11.dtd">
<html xmlns="https://www.w3.org/1999/xhtml">
<head>
<meta http-equiv="content-type" content="text/html; charset=UTF-8"/>
<title>TestNG Report</title>
<style type="text/css">table {margin-bottom:10px;border-collapse:collapse;empty-cells:show}th,td {border:1px solid #009;padding:.25em .5em}th {vertical-align:bottom}td {vertical-align:top}table a {font-weight:bold}.stripe td {background-color: #E6EBF9}.num {text-align:right}.passedodd td {background-color: #3F3}.passedeven td {background-color: #0A0}.skippedodd td {background-color: #DDD}.skippedeven td {background-color: #CCC}.failedodd td,.attn {background-color: #F33}.failedeven td,.stripe .attn {background-color: #D00}.stacktrace {white-space:pre;font-family:monospace}.totop {font-size:85%;text-align:center;border-bottom:2px solid #000}.invisible {display:none}</style>
</head>
<body>
<table>
<tr><th>Test</th><th># Passed</th><th># Skipped</th><th># Retried</th><th># Failed</th><th>Time (ms)</th><th>Included Groups</th><th>Excluded Groups</th></tr>
<tr><th colspan="8">CrossBrowserSuite</th></tr>
<tr><td><a href="#t0">Chrome Tests</a></td><td class="num">14</td><td class="num">0</td><td class="num">0</td><td class="num attn">1</td><td class="num">52,781</td><td></td><td></td></tr>
<tr class="stripe"><td><a href="#t1">Firefox Tests</a></td><td class="num">14</td><td class="num">0</td><td class="num">0</td><td class="num attn">1</td><td class="num">87,255</td><td></td><td></td></tr>
<tr><th>Total</th><th class="num">28</th><th class="num">0</th><th class="num">0</th><th class="num attn">2</th><th class="num">140,036</th><th colspan="2"></th></tr>
</table>
<table id='summary'><thead><tr><th>Class</th><th>Method</th><th>Start</th><th>Time (ms)</th></tr></thead><tbody><tr><th colspan="4">CrossBrowserSuite</th></tr></tbody><tbody id="t0"><tr><th colspan="4">Chrome Tests &#8212; failed</th></tr><tr class="failedeven"><td rowspan="1">com.qa.toolsqa.tests.LoginTest</td><td><a href="#m0">testPasswordIsCaseSensitive</a></td><td rowspan="1">1769125398451</td><td rowspan="1">10191</td></tr><tr><th colspan="4">Chrome Tests &#8212; passed</th></tr><tr class="passedeven"><td rowspan="1">com.qa.toolsqa.tests.DeleteAccountTest</td><td><a href="#m1">confermationMessage</a></td><td rowspan="1">1769125423564</td><td rowspan="1">2660</td></tr><tr class="passedodd"><td rowspan="5">com.qa.toolsqa.tests.LoginTest</td><td><a href="#m2">testLoginFailWithEmptyPassword</a></td><td rowspan="1">1769125386446</td><td rowspan="1">104</td></tr><tr class="passedodd"><td><a href="#m3">testLoginFailsWithEmptyUsername</a></td><td rowspan="1">1769125388153</td><td rowspan="1">114</td></tr><tr class="passedodd"><td><a href="#m4">testLoginFailsWithInvalidCredential</a></td><td rowspan="1">1769125390029</td><td rowspan="1">1577</td></tr><tr class="passedodd"><td><a href="#m5">testLoginFailsWithInvalidPassword</a></td><td rowspan="1">1769125393135</td><td rowspan="1">108</td></tr><tr class="passedodd"><td><a href="#m6">testLoginWithValidCredentials</a></td><td rowspan="1">1769125395112</td><td rowspan="1">1584</td></tr><tr class="passedeven"><td rowspan="3">com.qa.toolsqa.tests.NavigationTest</td><td><a href="#m7">logoutFromBookStorePage</a></td><td rowspan="1">1769125411513</td><td rowspan="1">2615</td></tr><tr class="passedeven"><td><a href="#m8">testUserCanLogoutFromPRofilePage</a></td><td rowspan="1">1769125415743</td><td rowspan="1">2071</td></tr><tr class="passedeven"><td><a href="#m9">testUserCanNavigateToBookStoreFromProfile</a></td><td rowspan="1">1769125419595</td><td rowspan="1">2069</td></tr><tr class="passedodd"><td rowspan="5">com.qa.toolsqa.tests.RegisterTest</td><td><a href="#m10">testRegistrationFailsWithoutFirstName</a></td><td rowspan="1">1769125375608</td><td rowspan="1">224</td></tr><tr class="passedodd"><td><a href="#m11">testRegistrationFailsWithoutLastName</a></td><td rowspan="1">1769125377542</td><td rowspan="1">216</td></tr><tr class="passedodd"><td><a href="#m12">testRegistrationFailsWithoutPassword</a></td><td rowspan="1">1769125379626</td><td rowspan="1">209</td></tr><tr class="passedodd"><td><a href="#m13">testRegistrationFailsWithoutRecaptcha</a></td><td rowspan="1">1769125382591</td><td rowspan="1">171</td></tr><tr class="passedodd"><td><a href="#m14">testRegistrationFailsWithoutUsername</a></td><td rowspan="1">1769125384454</td><td rowspan="1">209</td></tr></tbody>
<tbody id="t1"><tr><th colspan="4">Firefox Tests &#8212; failed</th></tr><tr class="failedeven"><td rowspan="1">com.qa.toolsqa.tests.LoginTest</td><td><a href="#m15">testPasswordIsCaseSensitive</a></td><td rowspan="1">1769125428919</td><td rowspan="1">10226</td></tr><tr><th colspan="4">Firefox Tests &#8212; passed</th></tr><tr class="passedeven"><td rowspan="1">com.qa.toolsqa.tests.DeleteAccountTest</td><td><a href="#m16">confermationMessage</a></td><td rowspan="1">1769125458332</td><td rowspan="1">2113</td></tr><tr class="passedodd"><td rowspan="5">com.qa.toolsqa.tests.LoginTest</td><td><a href="#m17">testLoginFailWithEmptyPassword</a></td><td rowspan="1">1769125396421</td><td rowspan="1">34</td></tr><tr class="passedodd"><td><a href="#m18">testLoginFailsWithEmptyUsername</a></td><td rowspan="1">1769125399556</td><td rowspan="1">34</td></tr><tr class="passedodd"><td><a href="#m19">testLoginFailsWithInvalidCredential</a></td><td rowspan="1">1769125402686</td><td rowspan="1">1062</td></tr><tr class="passedodd"><td><a href="#m20">testLoginFailsWithInvalidPassword</a></td><td rowspan="1">1769125406805</td><td rowspan="1">42</td></tr><tr class="passedodd"><td><a href="#m21">testLoginWithValidCredentials</a></td><td rowspan="1">1769125423955</td><td rowspan="1">2072</td></tr><tr class="passedeven"><td rowspan="3">com.qa.toolsqa.tests.NavigationTest</td><td><a href="#m22">logoutFromBookStorePage</a></td><td rowspan="1">1769125441760</td><td rowspan="1">3122</td></tr><tr class="passedeven"><td><a href="#m23">testUserCanLogoutFromPRofilePage</a></td><td rowspan="1">1769125448061</td><td rowspan="1">2090</td></tr><tr class="passedeven"><td><a href="#m24">testUserCanNavigateToBookStoreFromProfile</a></td><td rowspan="1">1769125453191</td><td rowspan="1">2092</td></tr><tr class="passedodd"><td rowspan="5">com.qa.toolsqa.tests.RegisterTest</td><td><a href="#m25">testRegistrationFailsWithoutFirstName</a></td><td rowspan="1">1769125376796</td><td rowspan="1">55</td></tr><tr class="passedodd"><td><a href="#m26">testRegistrationFailsWithoutLastName</a></td><td rowspan="1">1769125383955</td><td rowspan="1">54</td></tr><tr class="passedodd"><td><a href="#m27">testRegistrationFailsWithoutPassword</a></td><td rowspan="1">1769125387201</td><td rowspan="1">53</td></tr><tr class="passedodd"><td><a href="#m28">testRegistrationFailsWithoutRecaptcha</a></td><td rowspan="1">1769125390286</td><td rowspan="1">53</td></tr><tr class="passedodd"><td><a href="#m29">testRegistrationFailsWithoutUsername</a></td><td rowspan="1">1769125393669</td><td rowspan="1">74</td></tr></tbody>
</table>
<h2>Chrome Tests</h2><h3 id="m0">com.qa.toolsqa.tests.LoginTest#testPasswordIsCaseSensitive</h3><table class="result"><tr><th>Exception</th></tr><tr><td><div class="stacktrace">org.openqa.selenium.TimeoutException: Expected condition failed: waiting for visibility of element located by By.id: name (tried for 10 second(s) with 500 milliseconds interval)
Build info: version: &apos;4.25.0&apos;, revision: &apos;8a8aea2337&apos;
System info: os.name: &apos;Mac OS X&apos;, os.arch: &apos;aarch64&apos;, os.version: &apos;26.0.1&apos;, java.version: &apos;21.0.8&apos;
Driver info: org.openqa.selenium.chrome.ChromeDriver
Capabilities {acceptInsecureCerts: false, browserName: chrome, browserVersion: 144.0.7559.96, chrome: {chromedriverVersion: 144.0.7559.96 (d7b80622cfab..., userDataDir: /var/folders/7p/hrnbqj5130z...}, fedcm:accounts: true, goog:chromeOptions: {debuggerAddress: localhost:63929}, goog:processID: 32533, networkConnectionEnabled: false, pageLoadStrategy: normal, platformName: mac, proxy: Proxy(), se:cdp: ws://localhost:63929/devtoo..., se:cdpVersion: 144.0.7559.96, setWindowRect: true, strictFileInteractability: false, timeouts: {implicit: 0, pageLoad: 300000, script: 30000}, unhandledPromptBehavior: dismiss and notify, webauthn:extension:credBlob: true, webauthn:extension:largeBlob: true, webauthn:extension:minPinLength: true, webauthn:extension:prf: true, webauthn:virtualAuthenticators: true}
Session ID: 53528c697ce7669c1e962796f6d3c2cc
	at org.openqa.selenium.support.ui.WebDriverWait.timeoutException(WebDriverWait.java:84)
	at org.openqa.selenium.support.ui.FluentWait.until(FluentWait.java:228)
	at com.qa.toolsqa.pages.LoginPage.getErrorMessage(LoginPage.java:42)
	at com.qa.toolsqa.tests.LoginTest.testPasswordIsCaseSensitive(LoginTest.java:54)
	at java.base/java.util.ArrayList.forEach(ArrayList.java:1596)
	at java.base/java.util.concurrent.FutureTask.run(FutureTask.java:317)
	at java.base/java.util.concurrent.ThreadPoolExecutor.runWorker(ThreadPoolExecutor.java:1144)
	at java.base/java.util.concurrent.ThreadPoolExecutor$Worker.run(ThreadPoolExecutor.java:642)
	at java.base/java.lang.Thread.run(Thread.java:1583)
... Removed 15 stack frames</div></td></tr></table><p class="totop"><a href="#summary">back to summary</a></p>
<h3 id="m1">com.qa.toolsqa.tests.DeleteAccountTest#confermationMessage</h3><table class="result"><tr><th class="invisible"/></tr></table><p class="totop"><a href="#summary">back to summary</a></p>
<h3 id="m2">com.qa.toolsqa.tests.LoginTest#testLoginFailWithEmptyPassword</h3><table class="result"><tr><th class="invisible"/></tr></table><p class="totop"><a href="#summary">back to summary</a></p>
<h3 id="m3">com.qa.toolsqa.tests.LoginTest#testLoginFailsWithEmptyUsername</h3><table class="result"><tr><th class="invisible"/></tr></table><p class="totop"><a href="#summary">back to summary</a></p>
<h3 id="m4">com.qa.toolsqa.tests.LoginTest#testLoginFailsWithInvalidCredential</h3><table class="result"><tr><th class="invisible"/></tr></table><p class="totop"><a href="#summary">back to summary</a></p>
<h3 id="m5">com.qa.toolsqa.tests.LoginTest#testLoginFailsWithInvalidPassword</h3><table class="result"><tr><th class="invisible"/></tr></table><p class="totop"><a href="#summary">back to summary</a></p>
<h3 id="m6">com.qa.toolsqa.tests.LoginTest#testLoginWithValidCredentials</h3><table class="result"><tr><th class="invisible"/></tr></table><p class="totop"><a href="#summary">back to summary</a></p>
<h3 id="m7">com.qa.toolsqa.tests.NavigationTest#logoutFromBookStorePage</h3><table class="result"><tr><th class="invisible"/></tr></table><p class="totop"><a href="#summary">back to summary</a></p>
<h3 id="m8">com.qa.toolsqa.tests.NavigationTest#testUserCanLogoutFromPRofilePage</h3><table class="result"><tr><th class="invisible"/></tr></table><p class="totop"><a href="#summary">back to summary</a></p>
<h3 id="m9">com.qa.toolsqa.tests.NavigationTest#testUserCanNavigateToBookStoreFromProfile</h3><table class="result"><tr><th class="invisible"/></tr></table><p class="totop"><a href="#summary">back to summary</a></p>
<h3 id="m10">com.qa.toolsqa.tests.RegisterTest#testRegistrationFailsWithoutFirstName</h3><table class="result"><tr><th class="invisible"/></tr></table><p class="totop"><a href="#summary">back to summary</a></p>
<h3 id="m11">com.qa.toolsqa.tests.RegisterTest#testRegistrationFailsWithoutLastName</h3><table class="result"><tr><th class="invisible"/></tr></table><p class="totop"><a href="#summary">back to summary</a></p>
<h3 id="m12">com.qa.toolsqa.tests.RegisterTest#testRegistrationFailsWithoutPassword</h3><table class="result"><tr><th class="invisible"/></tr></table><p class="totop"><a href="#summary">back to summary</a></p>
<h3 id="m13">com.qa.toolsqa.tests.RegisterTest#testRegistrationFailsWithoutRecaptcha</h3><table class="result"><tr><th class="invisible"/></tr></table><p class="totop"><a href="#summary">back to summary</a></p>
<h3 id="m14">com.qa.toolsqa.tests.RegisterTest#testRegistrationFailsWithoutUsername</h3><table class="result"><tr><th class="invisible"/></tr></table><p class="totop"><a href="#summary">back to summary</a></p>
<h2>Firefox Tests</h2><h3 id="m15">com.qa.toolsqa.tests.LoginTest#testPasswordIsCaseSensitive</h3><table class="result"><tr><th>Exception</th></tr><tr><td><div class="stacktrace">org.openqa.selenium.TimeoutException: Expected condition failed: waiting for visibility of element located by By.id: name (tried for 10 second(s) with 500 milliseconds interval)
Build info: version: &apos;4.25.0&apos;, revision: &apos;8a8aea2337&apos;
System info: os.name: &apos;Mac OS X&apos;, os.arch: &apos;aarch64&apos;, os.version: &apos;26.0.1&apos;, java.version: &apos;21.0.8&apos;
Driver info: org.openqa.selenium.firefox.FirefoxDriver
Capabilities {acceptInsecureCerts: true, browserName: firefox, browserVersion: 147.0.1, moz:accessibilityChecks: false, moz:buildID: 20260116091309, moz:geckodriverVersion: 0.36.0, moz:headless: true, moz:platformVersion: 25.0.0, moz:processID: 32702, moz:profile: /var/folders/7p/hrnbqj5130z..., moz:shutdownTimeout: 60000, moz:webdriverClick: true, moz:windowless: false, pageLoadStrategy: normal, platformName: mac, proxy: Proxy(), setWindowRect: true, strictFileInteractability: false, timeouts: {implicit: 0, pageLoad: 300000, script: 30000}, unhandledPromptBehavior: dismiss and notify, userAgent: Mozilla/5.0 (Macintosh; Int...}
Session ID: f5032290-5b39-4d43-8ed1-142974683829
	at org.openqa.selenium.support.ui.WebDriverWait.timeoutException(WebDriverWait.java:84)
	at org.openqa.selenium.support.ui.FluentWait.until(FluentWait.java:228)
	at com.qa.toolsqa.pages.LoginPage.getErrorMessage(LoginPage.java:42)
	at com.qa.toolsqa.tests.LoginTest.testPasswordIsCaseSensitive(LoginTest.java:54)
	at java.base/java.util.ArrayList.forEach(ArrayList.java:1596)
	at java.base/java.util.concurrent.FutureTask.run(FutureTask.java:317)
	at java.base/java.util.concurrent.ThreadPoolExecutor.runWorker(ThreadPoolExecutor.java:1144)
	at java.base/java.util.concurrent.ThreadPoolExecutor$Worker.run(ThreadPoolExecutor.java:642)
	at java.base/java.lang.Thread.run(Thread.java:1583)
... Removed 15 stack frames</div></td></tr></table><p class="totop"><a href="#summary">back to summary</a></p>
<h3 id="m16">com.qa.toolsqa.tests.DeleteAccountTest#confermationMessage</h3><table class="result"><tr><th class="invisible"/></tr></table><p class="totop"><a href="#summary">back to summary</a></p>
<h3 id="m17">com.qa.toolsqa.tests.LoginTest#testLoginFailWithEmptyPassword</h3><table class="result"><tr><th class="invisible"/></tr></table><p class="totop"><a href="#summary">back to summary</a></p>
<h3 id="m18">com.qa.toolsqa.tests.LoginTest#testLoginFailsWithEmptyUsername</h3><table class="result"><tr><th class="invisible"/></tr></table><p class="totop"><a href="#summary">back to summary</a></p>
<h3 id="m19">com.qa.toolsqa.tests.LoginTest#testLoginFailsWithInvalidCredential</h3><table class="result"><tr><th class="invisible"/></tr></table><p class="totop"><a href="#summary">back to summary</a></p>
<h3 id="m20">com.qa.toolsqa.tests.LoginTest#testLoginFailsWithInvalidPassword</h3><table class="result"><tr><th class="invisible"/></tr></table><p class="totop"><a href="#summary">back to summary</a></p>
<h3 id="m21">com.qa.toolsqa.tests.LoginTest#testLoginWithValidCredentials</h3><table class="result"><tr><th class="invisible"/></tr></table><p class="totop"><a href="#summary">back to summary</a></p>
<h3 id="m22">com.qa.toolsqa.tests.NavigationTest#logoutFromBookStorePage</h3><table class="result"><tr><th class="invisible"/></tr></table><p class="totop"><a href="#summary">back to summary</a></p>
<h3 id="m23">com.qa.toolsqa.tests.NavigationTest#testUserCanLogoutFromPRofilePage</h3><table class="result"><tr><th class="invisible"/></tr></table><p class="totop"><a href="#summary">back to summary</a></p>
<h3 id="m24">com.qa.toolsqa.tests.NavigationTest#testUserCanNavigateToBookStoreFromProfile</h3><table class="result"><tr><th class="invisible"/></tr></table><p class="totop"><a href="#summary">back to summary</a></p>
<h3 id="m25">com.qa.toolsqa.tests.RegisterTest#testRegistrationFailsWithoutFirstName</h3><table class="result"><tr><th class="invisible"/></tr></table><p class="totop"><a href="#summary">back to summary</a></p>
<h3 id="m26">com.qa.toolsqa.tests.RegisterTest#testRegistrationFailsWithoutLastName</h3><table class="result"><tr><th class="invisible"/></tr></table><p class="totop"><a href="#summary">back to summary</a></p>
<h3 id="m27">com.qa.toolsqa.tests.RegisterTest#testRegistrationFailsWithoutPassword</h3><table class="result"><tr><th class="invisible"/></tr></table><p class="totop"><a href="#summary">back to summary</a></p>
<h3 id="m28">com.qa.toolsqa.tests.RegisterTest#testRegistrationFailsWithoutRecaptcha</h3><table class="result"><tr><th class="invisible"/></tr></table><p class="totop"><a href="#summary">back to summary</a></p>
<h3 id="m29">com.qa.toolsqa.tests.RegisterTest#testRegistrationFailsWithoutUsername</h3><table class="result"><tr><th class="invisible"/></tr></table><p class="totop"><a href="#summary">back to summary</a></p>
</body>
</html>
