<!DOCTYPE html>

<html>
  <head>
  <meta charset='utf-8'>
  <title>TestNG reports</title>

    <link type="text/css" href="testng-reports1.css" rel="stylesheet" id="ultra" />
    <link type="text/css" href="testng-reports.css" rel="stylesheet" id="retro" disabled="false"/>
    <script type="text/javascript" src="jquery-3.6.0.min.js"></script>
    <script type="text/javascript" src="testng-reports.js"></script>
    <script type="text/javascript" src="https://www.google.com/jsapi"></script>
    <script type='text/javascript'>
      google.load('visualization', '1', {packages:['table']});
      google.setOnLoadCallback(drawTable);
      var suiteTableInitFunctions = new Array();
      var suiteTableData = new Array();
    </script>
    <!--
      <script type="text/javascript" src="jquery-ui/js/jquery-ui-1.8.16.custom.min.js"></script>
     -->
  </head>

  <body>    <div class="top-banner-root">
      <span class="top-banner-title-font">Test results</span>
      <button id="button" class="button">Switch Retro Theme</button> <!-- button -->
      <br/>
      <span class="top-banner-font-1">1 suite, 2 failed tests</span>
    </div> <!-- top-banner-root -->
    <div class="navigator-root">
      <div class="navigator-suite-header">
        <span>All suites</span>
        <a href="#" title="Collapse/expand all the suites" class="collapse-all-link">
          <img src="collapseall.gif" class="collapse-all-icon">
          </img> <!-- collapse-all-icon -->
        </a> <!-- collapse-all-link -->
      </div> <!-- navigator-suite-header -->
      <div class="suite">
        <div class="rounded-window">
          <div class="suite-header light-rounded-window-top">
            <a href="#" panel-name="suite-CrossBrowserSuite" class="navigator-link">
              <span class="suite-name border-failed">CrossBrowserSuite</span>
            </a> <!-- navigator-link -->
          </div> <!-- suite-header light-rounded-window-top -->
          <div class="navigator-suite-content">
            <div class="suite-section-title">
              <span>Info</span>
            </div> <!-- suite-section-title -->
            <div class="suite-section-content">
              <ul>
                <li>
                  <a href="#" panel-name="test-xml-CrossBrowserSuite" class="navigator-link ">
                    <span>testng.xml</span>
                  </a> <!-- navigator-link  -->
                </li>
                <li>
                  <a href="#" panel-name="testlist-CrossBrowserSuite" class="navigator-link ">
                    <span class="test-stats">2 tests</span>
                  </a> <!-- navigator-link  -->
                </li>
                <li>
                  <a href="#" panel-name="group-CrossBrowserSuite" class="navigator-link ">
                    <span>0 groups</span>
                  </a> <!-- navigator-link  -->
                </li>
                <li>
                  <a href="#" panel-name="times-CrossBrowserSuite" class="navigator-link ">
                    <span>Times</span>
                  </a> <!-- navigator-link  -->
                </li>
                <li>
                  <a href="#" panel-name="reporter-CrossBrowserSuite" class="navigator-link ">
                    <span>Reporter output</span>
                  </a> <!-- navigator-link  -->
                </li>
                <li>
                  <a href="#" panel-name="ignored-methods-CrossBrowserSuite" class="navigator-link ">
                    <span>Ignored methods</span>
                  </a> <!-- navigator-link  -->
                </li>
                <li>
                  <a href="#" panel-name="chronological-CrossBrowserSuite" class="navigator-link ">
                    <span>Chronological view</span>
                  </a> <!-- navigator-link  -->
                </li>
              </ul>
            </div> <!-- suite-section-content -->
            <div class="result-section">
              <div class="suite-section-title">
                <span>Results</span>
              </div> <!-- suite-section-title -->
              <div class="suite-section-content">
                <ul>
                  <li>
                    <span class="method-stats">30 methods, 2 failed,   28 passed</span>
                  </li>
                  <li>
                    <span class="method-list-title failed">Failed methods</span>
                    <span class="show-or-hide-methods failed">
                      <a href="#" panel-name="suite-CrossBrowserSuite" class="hide-methods failed suite-CrossBrowserSuite"> (hide)</a> <!-- hide-methods failed suite-CrossBrowserSuite -->
                      <a href="#" panel-name="suite-CrossBrowserSuite" class="show-methods failed suite-CrossBrowserSuite"> (show)</a> <!-- show-methods failed suite-CrossBrowserSuite -->
                    </span>
                    <div class="method-list-content failed suite-CrossBrowserSuite">
                      <span>
                        <img src="failed.png" width="3%"/>
                        <a href="#" panel-name="suite-CrossBrowserSuite" title="com.qa.toolsqa.tests.LoginTest" class="method navigator-link" hash-for-method="testPasswordIsCaseSensitive">testPasswordIsCaseSensitive</a> <!-- method navigator-link -->
                      </span>
                      <br/>
                      <span>
                        <img src="failed.png" width="3%"/>
                        <a href="#" panel-name="suite-CrossBrowserSuite" title="com.qa.toolsqa.tests.LoginTest" class="method navigator-link" hash-for-method="testPasswordIsCaseSensitive">testPasswordIsCaseSensitive</a> <!-- method navigator-link -->
                      </span>
                      <br/>
                    </div> <!-- method-list-content failed suite-CrossBrowserSuite -->
                  </li>
                  <li>
                    <span class="method-list-title passed">Passed methods</span>
                    <span class="show-or-hide-methods passed">
                      <a href="#" panel-name="suite-CrossBrowserSuite" class="hide-methods passed suite-CrossBrowserSuite"> (hide)</a> <!-- hide-methods passed suite-CrossBrowserSuite -->
                      <a href="#" panel-name="suite-CrossBrowserSuite" class="show-methods passed suite-CrossBrowserSuite"> (show)</a> <!-- show-methods passed suite-CrossBrowserSuite -->
                    </span>
                    <div class="method-list-content passed suite-CrossBrowserSuite">
                      <span>
                        <img src="passed.png" width="3%"/>
                        <a href="#" panel-name="suite-CrossBrowserSuite" title="com.qa.toolsqa.tests.DeleteAccountTest" class="method navigator-link" hash-for-method="confermationMessage">confermationMessage</a> <!-- method navigator-link -->
                      </span>
                      <br/>
                      <span>
                        <img src="passed.png" width="3%"/>
                        <a href="#" panel-name="suite-CrossBrowserSuite" title="com.qa.toolsqa.tests.DeleteAccountTest" class="method navigator-link" hash-for-method="confermationMessage">confermationMessage</a> <!-- method navigator-link -->
                      </span>
                      <br/>
                      <span>
                        <img src="passed.png" width="3%"/>
                        <a href="#" panel-name="suite-CrossBrowserSuite" title="com.qa.toolsqa.tests.NavigationTest" class="method navigator-link" hash-for-method="logoutFromBookStorePage">logoutFromBookStorePage</a> <!-- method navigator-link -->
                      </span>
                      <br/>
                      <span>
                        <img src="passed.png" width="3%"/>
                        <a href="#" panel-name="suite-CrossBrowserSuite" title="com.qa.toolsqa.tests.NavigationTest" class="method navigator-link" hash-for-method="logoutFromBookStorePage">logoutFromBookStorePage</a> <!-- method navigator-link -->
                      </span>
                      <br/>
                      <span>
                        <img src="passed.png" width="3%"/>
                        <a href="#" panel-name="suite-CrossBrowserSuite" title="com.qa.toolsqa.tests.LoginTest" class="method navigator-link" hash-for-method="testLoginFailWithEmptyPassword">testLoginFailWithEmptyPassword</a> <!-- method navigator-link -->
                      </span>
                      <br/>
                      <span>
                        <img src="passed.png" width="3%"/>
                        <a href="#" panel-name="suite-CrossBrowserSuite" title="com.qa.toolsqa.tests.LoginTest" class="method navigator-link" hash-for-method="testLoginFailWithEmptyPassword">testLoginFailWithEmptyPassword</a> <!-- method navigator-link -->
                      </span>
                      <br/>
                      <span>
                        <img src="passed.png" width="3%"/>
                        <a href="#" panel-name="suite-CrossBrowserSuite" title="com.qa.toolsqa.tests.LoginTest" class="method navigator-link" hash-for-method="testLoginFailsWithEmptyUsername">testLoginFailsWithEmptyUsername</a> <!-- method navigator-link -->
                      </span>
                      <br/>
                      <span>
                        <img src="passed.png" width="3%"/>
                        <a href="#" panel-name="suite-CrossBrowserSuite" title="com.qa.toolsqa.tests.LoginTest" class="method navigator-link" hash-for-method="testLoginFailsWithEmptyUsername">testLoginFailsWithEmptyUsername</a> <!-- method navigator-link -->
                      </span>
                      <br/>
                      <span>
                        <img src="passed.png" width="3%"/>
                        <a href="#" panel-name="suite-CrossBrowserSuite" title="com.qa.toolsqa.tests.LoginTest" class="method navigator-link" hash-for-method="testLoginFailsWithInvalidCredential">testLoginFailsWithInvalidCredential</a> <!-- method navigator-link -->
                      </span>
                      <br/>
                      <span>
                        <img src="passed.png" width="3%"/>
                        <a href="#" panel-name="suite-CrossBrowserSuite" title="com.qa.toolsqa.tests.LoginTest" class="method navigator-link" hash-for-method="testLoginFailsWithInvalidCredential">testLoginFailsWithInvalidCredential</a> <!-- method navigator-link -->
                      </span>
                      <br/>
                      <span>
                        <img src="passed.png" width="3%"/>
                        <a href="#" panel-name="suite-CrossBrowserSuite" title="com.qa.toolsqa.tests.LoginTest" class="method navigator-link" hash-for-method="testLoginFailsWithInvalidPassword">testLoginFailsWithInvalidPassword</a> <!-- method navigator-link -->
                      </span>
                      <br/>
                      <span>
                        <img src="passed.png" width="3%"/>
                        <a href="#" panel-name="suite-CrossBrowserSuite" title="com.qa.toolsqa.tests.LoginTest" class="method navigator-link" hash-for-method="testLoginFailsWithInvalidPassword">testLoginFailsWithInvalidPassword</a> <!-- method navigator-link -->
                      </span>
                      <br/>
                      <span>
                        <img src="passed.png" width="3%"/>
                        <a href="#" panel-name="suite-CrossBrowserSuite" title="com.qa.toolsqa.tests.LoginTest" class="method navigator-link" hash-for-method="testLoginWithValidCredentials">testLoginWithValidCredentials</a> <!-- method navigator-link -->
                      </span>
                      <br/>
                      <span>
                        <img src="passed.png" width="3%"/>
                        <a href="#" panel-name="suite-CrossBrowserSuite" title="com.qa.toolsqa.tests.LoginTest" class="method navigator-link" hash-for-method="testLoginWithValidCredentials">testLoginWithValidCredentials</a> <!-- method navigator-link -->
                      </span>
                      <br/>
                      <span>
                        <img src="passed.png" width="3%"/>
                        <a href="#" panel-name="suite-CrossBrowserSuite" title="com.qa.toolsqa.tests.RegisterTest" class="method navigator-link" hash-for-method="testRegistrationFailsWithoutFirstName">testRegistrationFailsWithoutFirstName</a> <!-- method navigator-link -->
                      </span>
                      <br/>
                      <span>
                        <img src="passed.png" width="3%"/>
                        <a href="#" panel-name="suite-CrossBrowserSuite" title="com.qa.toolsqa.tests.RegisterTest" class="method navigator-link" hash-for-method="testRegistrationFailsWithoutFirstName">testRegistrationFailsWithoutFirstName</a> <!-- method navigator-link -->
                      </span>
                      <br/>
                      <span>
                        <img src="passed.png" width="3%"/>
                        <a href="#" panel-name="suite-CrossBrowserSuite" title="com.qa.toolsqa.tests.RegisterTest" class="method navigator-link" hash-for-method="testRegistrationFailsWithoutLastName">testRegistrationFailsWithoutLastName</a> <!-- method navigator-link -->
                      </span>
                      <br/>
                      <span>
                        <img src="passed.png" width="3%"/>
                        <a href="#" panel-name="suite-CrossBrowserSuite" title="com.qa.toolsqa.tests.RegisterTest" class="method navigator-link" hash-for-method="testRegistrationFailsWithoutLastName">testRegistrationFailsWithoutLastName</a> <!-- method navigator-link -->
                      </span>
                      <br/>
                      <span>
                        <img src="passed.png" width="3%"/>
                        <a href="#" panel-name="suite-CrossBrowserSuite" title="com.qa.toolsqa.tests.RegisterTest" class="method navigator-link" hash-for-method="testRegistrationFailsWithoutPassword">testRegistrationFailsWithoutPassword</a> <!-- method navigator-link -->
                      </span>
                      <br/>
                      <span>
                        <img src="passed.png" width="3%"/>
                        <a href="#" panel-name="suite-CrossBrowserSuite" title="com.qa.toolsqa.tests.RegisterTest" class="method navigator-link" hash-for-method="testRegistrationFailsWithoutPassword">testRegistrationFailsWithoutPassword</a> <!-- method navigator-link -->
                      </span>
                      <br/>
                      <span>
                        <img src="passed.png" width="3%"/>
                        <a href="#" panel-name="suite-CrossBrowserSuite" title="com.qa.toolsqa.tests.RegisterTest" class="method navigator-link" hash-for-method="testRegistrationFailsWithoutRecaptcha">testRegistrationFailsWithoutRecaptcha</a> <!-- method navigator-link -->
                      </span>
                      <br/>
                      <span>
                        <img src="passed.png" width="3%"/>
                        <a href="#" panel-name="suite-CrossBrowserSuite" title="com.qa.toolsqa.tests.RegisterTest" class="method navigator-link" hash-for-method="testRegistrationFailsWithoutRecaptcha">testRegistrationFailsWithoutRecaptcha</a> <!-- method navigator-link -->
                      </span>
                      <br/>
                      <span>
                        <img src="passed.png" width="3%"/>
                        <a href="#" panel-name="suite-CrossBrowserSuite" title="com.qa.toolsqa.tests.RegisterTest" class="method navigator-link" hash-for-method="testRegistrationFailsWithoutUsername">testRegistrationFailsWithoutUsername</a> <!-- method navigator-link -->
                      </span>
                      <br/>
                      <span>
                        <img src="passed.png" width="3%"/>
                        <a href="#" panel-name="suite-CrossBrowserSuite" title="com.qa.toolsqa.tests.RegisterTest" class="method navigator-link" hash-for-method="testRegistrationFailsWithoutUsername">testRegistrationFailsWithoutUsername</a> <!-- method navigator-link -->
                      </span>
                      <br/>
                      <span>
                        <img src="passed.png" width="3%"/>
                        <a href="#" panel-name="suite-CrossBrowserSuite" title="com.qa.toolsqa.tests.NavigationTest" class="method navigator-link" hash-for-method="testUserCanLogoutFromPRofilePage">testUserCanLogoutFromPRofilePage</a> <!-- method navigator-link -->
                      </span>
                      <br/>
                      <span>
                        <img src="passed.png" width="3%"/>
                        <a href="#" panel-name="suite-CrossBrowserSuite" title="com.qa.toolsqa.tests.NavigationTest" class="method navigator-link" hash-for-method="testUserCanLogoutFromPRofilePage">testUserCanLogoutFromPRofilePage</a> <!-- method navigator-link -->
                      </span>
                      <br/>
                      <span>
                        <img src="passed.png" width="3%"/>
                        <a href="#" panel-name="suite-CrossBrowserSuite" title="com.qa.toolsqa.tests.NavigationTest" class="method navigator-link" hash-for-method="testUserCanNavigateToBookStoreFromProfile">testUserCanNavigateToBookStoreFromProfile</a> <!-- method navigator-link -->
                      </span>
                      <br/>
                      <span>
                        <img src="passed.png" width="3%"/>
                        <a href="#" panel-name="suite-CrossBrowserSuite" title="com.qa.toolsqa.tests.NavigationTest" class="method navigator-link" hash-for-method="testUserCanNavigateToBookStoreFromProfile">testUserCanNavigateToBookStoreFromProfile</a> <!-- method navigator-link -->
                      </span>
                      <br/>
                    </div> <!-- method-list-content passed suite-CrossBrowserSuite -->
                  </li>
                </ul>
              </div> <!-- suite-section-content -->
            </div> <!-- result-section -->
          </div> <!-- navigator-suite-content -->
        </div> <!-- rounded-window -->
      </div> <!-- suite -->
    </div> <!-- navigator-root -->
    <div class="wrapper">
      <div class="main-panel-root">
        <div panel-name="suite-CrossBrowserSuite" class="panel CrossBrowserSuite">
          <div class="suite-CrossBrowserSuite-class-failed">
            <div class="main-panel-header rounded-window-top">
              <img src="failed.png"/>
              <span class="class-name">com.qa.toolsqa.tests.LoginTest</span>
            </div> <!-- main-panel-header rounded-window-top -->
            <div class="main-panel-content rounded-window-bottom">
              <div class="method">
                <div class="method-content">
                  <a name="testPasswordIsCaseSensitive">
                  </a> <!-- testPasswordIsCaseSensitive -->
                  <span class="method-name">testPasswordIsCaseSensitive</span>
                  <div class="stack-trace">org.openqa.selenium.TimeoutException: Expected condition failed: waiting for visibility of element located by By.id: name (tried for 10 second(s) with 500 milliseconds interval)
Build info: version: &apos;4.25.0&apos;, revision: &apos;8a8aea2337&apos;
System info: os.name: &apos;Mac OS X&apos;, os.arch: &apos;aarch64&apos;, os.version: &apos;26.0.1&apos;, java.version: &apos;21.0.8&apos;
Driver info: org.openqa.selenium.chrome.ChromeDriver
Capabilities {acceptInsecureCerts: false, browserName: chrome, browserVersion: 144.0.7559.96, chrome: {chromedriverVersion: 144.0.7559.96 (d7b80622cfab..., userDataDir: /var/folders/7p/hrnbqj5130z...}, fedcm:accounts: true, goog:chromeOptions: {debuggerAddress: localhost:63929}, goog:processID: 32533, networkConnectionEnabled: false, pageLoadStrategy: normal, platformName: mac, proxy: Proxy(), se:cdp: ws://localhost:63929/devtoo..., se:cdpVersion: 144.0.7559.96, setWindowRect: true, strictFileInteractability: false, timeouts: {implicit: 0, pageLoad: 300000, script: 30000}, unhandledPromptBehavior: dismiss and notify, webauthn:extension:credBlob: true, webauthn:extension:largeBlob: true, webauthn:extension:minPinLength: true, webauthn:extension:prf: true, webauthn:virtualAuthenticators: true}
Session ID: 53528c697ce7669c1e962796f6d3c2cc
	at org.openqa.selenium.support.ui.WebDriverWait.timeoutException(WebDriverWait.java:84)
	at org.openqa.selenium.support.ui.FluentWait.until(FluentWait.java:228)
	at com.qa.toolsqa.pages.LoginPage.getErrorMessage(LoginPage.java:42)
	at com.qa.toolsqa.tests.LoginTest.testPasswordIsCaseSensitive(LoginTest.java:54)
	at java.base/java.util.ArrayList.forEach(ArrayList.java:1596)
	at java.base/java.util.concurrent.FutureTask.run(FutureTask.java:317)
	at java.base/java.util.concurrent.ThreadPoolExecutor.runWorker(ThreadPoolExecutor.java:1144)
	at java.base/java.util.concurrent.ThreadPoolExecutor$Worker.run(ThreadPoolExecutor.java:642)
	at java.base/java.lang.Thread.run(Thread.java:1583)
... Removed 15 stack frames
</div> <!-- stack-trace -->
                  <em>
(Verfy password field is case-sensetive)                  </em>
                </div> <!-- method-content -->
              </div> <!-- method -->
              <div class="method">
                <div class="method-content">
                  <a name="testPasswordIsCaseSensitive">
                  </a> <!-- testPasswordIsCaseSensitive -->
                  <span class="method-name">testPasswordIsCaseSensitive</span>
                  <div class="stack-trace">org.openqa.selenium.TimeoutException: Expected condition failed: waiting for visibility of element located by By.id: name (tried for 10 second(s) with 500 milliseconds interval)
Build info: version: &apos;4.25.0&apos;, revision: &apos;8a8aea2337&apos;
System info: os.name: &apos;Mac OS X&apos;, os.arch: &apos;aarch64&apos;, os.version: &apos;26.0.1&apos;, java.version: &apos;21.0.8&apos;
Driver info: org.openqa.selenium.firefox.FirefoxDriver
Capabilities {acceptInsecureCerts: true, browserName: firefox, browserVersion: 147.0.1, moz:accessibilityChecks: false, moz:buildID: 20260116091309, moz:geckodriverVersion: 0.36.0, moz:headless: true, moz:platformVersion: 25.0.0, moz:processID: 32702, moz:profile: /var/folders/7p/hrnbqj5130z..., moz:shutdownTimeout: 60000, moz:webdriverClick: true, moz:windowless: false, pageLoadStrategy: normal, platformName: mac, proxy: Proxy(), setWindowRect: true, strictFileInteractability: false, timeouts: {implicit: 0, pageLoad: 300000, script: 30000}, unhandledPromptBehavior: dismiss and notify, userAgent: Mozilla/5.0 (Macintosh; Int...}
Session ID: f5032290-5b39-4d43-8ed1-142974683829
	at org.openqa.selenium.support.ui.WebDriverWait.timeoutException(WebDriverWait.java:84)
	at org.openqa.selenium.support.ui.FluentWait.until(FluentWait.java:228)
	at com.qa.toolsqa.pages.LoginPage.getErrorMessage(LoginPage.java:42)
	at com.qa.toolsqa.tests.LoginTest.testPasswordIsCaseSensitive(LoginTest.java:54)
	at java.base/java.util.ArrayList.forEach(ArrayList.java:1596)
	at java.base/java.util.concurrent.FutureTask.run(FutureTask.java:317)
	at java.base/java.util.concurrent.ThreadPoolExecutor.runWorker(ThreadPoolExecutor.java:1144)
	at java.base/java.util.concurrent.ThreadPoolExecutor$Worker.run(ThreadPoolExecutor.java:642)
	at java.base/java.lang.Thread.run(Thread.java:1583)
... Removed 15 stack frames
</div> <!-- stack-trace -->
                  <em>
(Verfy password field is case-sensetive)                  </em>
                </div> <!-- method-content -->
              </div> <!-- method -->
            </div> <!-- main-panel-content rounded-window-bottom -->
          </div> <!-- suite-CrossBrowserSuite-class-failed -->
          <div class="suite-CrossBrowserSuite-class-passed">
            <div class="main-panel-header rounded-window-top">
              <img src="passed.png"/>
              <span class="class-name">com.qa.toolsqa.tests.RegisterTest</span>
            </div> <!-- main-panel-header rounded-window-top -->
            <div class="main-panel-content rounded-window-bottom">
              <div class="method">
                <div class="method-content">
                  <a name="testRegistrationFailsWithoutFirstName">
                  </a> <!-- testRegistrationFailsWithoutFirstName -->
                  <span class="method-name">testRegistrationFailsWithoutFirstName</span>
                  <em>
(Verify registration fails when first name is empty)                  </em>
                </div> <!-- method-content -->
              </div> <!-- method -->
              <div class="method">
                <div class="method-content">
                  <a name="testRegistrationFailsWithoutFirstName">
                  </a> <!-- testRegistrationFailsWithoutFirstName -->
                  <span class="method-name">testRegistrationFailsWithoutFirstName</span>
                  <em>
(Verify registration fails when first name is empty)                  </em>
                </div> <!-- method-content -->
              </div> <!-- method -->
              <div class="method">
                <div class="method-content">
                  <a name="testRegistrationFailsWithoutLastName">
                  </a> <!-- testRegistrationFailsWithoutLastName -->
                  <span class="method-name">testRegistrationFailsWithoutLastName</span>
                  <em>
(Verify registration fails when last name is empty)                  </em>
                </div> <!-- method-content -->
              </div> <!-- method -->
              <div class="method">
                <div class="method-content">
                  <a name="testRegistrationFailsWithoutLastName">
                  </a> <!-- testRegistrationFailsWithoutLastName -->
                  <span class="method-name">testRegistrationFailsWithoutLastName</span>
                  <em>
(Verify registration fails when last name is empty)                  </em>
                </div> <!-- method-content -->
              </div> <!-- method -->
              <div class="method">
                <div class="method-content">
                  <a name="testRegistrationFailsWithoutPassword">
                  </a> <!-- testRegistrationFailsWithoutPassword -->
                  <span class="method-name">testRegistrationFailsWithoutPassword</span>
                  <em>
(Verify registration fails when password is empty)                  </em>
                </div> <!-- method-content -->
              </div> <!-- method -->
              <div class="method">
                <div class="method-content">
                  <a name="testRegistrationFailsWithoutPassword">
                  </a> <!-- testRegistrationFailsWithoutPassword -->
                  <span class="method-name">testRegistrationFailsWithoutPassword</span>
                  <em>
(Verify registration fails when password is empty)                  </em>
                </div> <!-- method-content -->
              </div> <!-- method -->
              <div class="method">
                <div class="method-content">
                  <a name="testRegistrationFailsWithoutRecaptcha">
                  </a> <!-- testRegistrationFailsWithoutRecaptcha -->
                  <span class="method-name">testRegistrationFailsWithoutRecaptcha</span>
                  <em>
(Verify registration fails when reCaptcha is not completed)                  </em>
                </div> <!-- method-content -->
              </div> <!-- method -->
              <div class="method">
                <div class="method-content">
                  <a name="testRegistrationFailsWithoutRecaptcha">
                  </a> <!-- testRegistrationFailsWithoutRecaptcha -->
                  <span class="method-name">testRegistrationFailsWithoutRecaptcha</span>
                  <em>
(Verify registration fails when reCaptcha is not completed)                  </em>
                </div> <!-- method-content -->
              </div> <!-- method -->
              <div class="method">
                <div class="method-content">
                  <a name="testRegistrationFailsWithoutUsername">
                  </a> <!-- testRegistrationFailsWithoutUsername -->
                  <span class="method-name">testRegistrationFailsWithoutUsername</span>
                  <em>
(Verify registration fails when username is empty)                  </em>
                </div> <!-- method-content -->
              </div> <!-- method -->
              <div class="method">
                <div class="method-content">
                  <a name="testRegistrationFailsWithoutUsername">
                  </a> <!-- testRegistrationFailsWithoutUsername -->
                  <span class="method-name">testRegistrationFailsWithoutUsername</span>
                  <em>
(Verify registration fails when username is empty)                  </em>
                </div> <!-- method-content -->
              </div> <!-- method -->
            </div> <!-- main-panel-content rounded-window-bottom -->
          </div> <!-- suite-CrossBrowserSuite-class-passed -->
          <div class="suite-CrossBrowserSuite-class-passed">
            <div class="main-panel-header rounded-window-top">
              <img src="passed.png"/>
              <span class="class-name">com.qa.toolsqa.tests.LoginTest</span>
            </div> <!-- main-panel-header rounded-window-top -->
            <div class="main-panel-content rounded-window-bottom">
              <div class="method">
                <div class="method-content">
                  <a name="testLoginFailWithEmptyPassword">
                  </a> <!-- testLoginFailWithEmptyPassword -->
                  <span class="method-name">testLoginFailWithEmptyPassword</span>
                  <em>
(Verify login fails when password is empty)                  </em>
                </div> <!-- method-content -->
              </div> <!-- method -->
              <div class="method">
                <div class="method-content">
                  <a name="testLoginFailWithEmptyPassword">
                  </a> <!-- testLoginFailWithEmptyPassword -->
                  <span class="method-name">testLoginFailWithEmptyPassword</span>
                  <em>
(Verify login fails when password is empty)                  </em>
                </div> <!-- method-content -->
              </div> <!-- method -->
              <div class="method">
                <div class="method-content">
                  <a name="testLoginFailsWithEmptyUsername">
                  </a> <!-- testLoginFailsWithEmptyUsername -->
                  <span class="method-name">testLoginFailsWithEmptyUsername</span>
                  <em>
(Verify login fails when first name is empty)                  </em>
                </div> <!-- method-content -->
              </div> <!-- method -->
              <div class="method">
                <div class="method-content">
                  <a name="testLoginFailsWithEmptyUsername">
                  </a> <!-- testLoginFailsWithEmptyUsername -->
                  <span class="method-name">testLoginFailsWithEmptyUsername</span>
                  <em>
(Verify login fails when first name is empty)                  </em>
                </div> <!-- method-content -->
              </div> <!-- method -->
              <div class="method">
                <div class="method-content">
                  <a name="testLoginFailsWithInvalidCredential">
                  </a> <!-- testLoginFailsWithInvalidCredential -->
                  <span class="method-name">testLoginFailsWithInvalidCredential</span>
                  <em>
(Verify login fails with invalid credential)                  </em>
                </div> <!-- method-content -->
              </div> <!-- method -->
              <div class="method">
                <div class="method-content">
                  <a name="testLoginFailsWithInvalidCredential">
                  </a> <!-- testLoginFailsWithInvalidCredential -->
                  <span class="method-name">testLoginFailsWithInvalidCredential</span>
                  <em>
(Verify login fails with invalid credential)                  </em>
                </div> <!-- method-content -->
              </div> <!-- method -->
              <div class="method">
                <div class="method-content">
                  <a name="testLoginFailsWithInvalidPassword">
                  </a> <!-- testLoginFailsWithInvalidPassword -->
                  <span class="method-name">testLoginFailsWithInvalidPassword</span>
                  <em>
(Verify login fails with invalid password)                  </em>
                </div> <!-- method-content -->
              </div> <!-- method -->
              <div class="method">
                <div class="method-content">
                  <a name="testLoginFailsWithInvalidPassword">
                  </a> <!-- testLoginFailsWithInvalidPassword -->
                  <span class="method-name">testLoginFailsWithInvalidPassword</span>
                  <em>
(Verify login fails with invalid password)                  </em>
                </div> <!-- method-content -->
              </div> <!-- method -->
              <div class="method">
                <div class="method-content">
                  <a name="testLoginWithValidCredentials">
                  </a> <!-- testLoginWithValidCredentials -->
                  <span class="method-name">testLoginWithValidCredentials</span>
                  <em>
(Verify successful login with valid credentials)                  </em>
                </div> <!-- method-content -->
              </div> <!-- method -->
              <div class="method">
                <div class="method-content">
                  <a name="testLoginWithValidCredentials">
                  </a> <!-- testLoginWithValidCredentials -->
                  <span class="method-name">testLoginWithValidCredentials</span>
                  <em>
(Verify successful login with valid credentials)                  </em>
                </div> <!-- method-content -->
              </div> <!-- method -->
            </div> <!-- main-panel-content rounded-window-bottom -->
          </div> <!-- suite-CrossBrowserSuite-class-passed -->
          <div class="suite-CrossBrowserSuite-class-passed">
            <div class="main-panel-header rounded-window-top">
              <img src="passed.png"/>
              <span class="class-name">com.qa.toolsqa.tests.NavigationTest</span>
            </div> <!-- main-panel-header rounded-window-top -->
            <div class="main-panel-content rounded-window-bottom">
              <div class="method">
                <div class="method-content">
                  <a name="logoutFromBookStorePage">
                  </a> <!-- logoutFromBookStorePage -->
                  <span class="method-name">logoutFromBookStorePage</span>
                </div> <!-- method-content -->
              </div> <!-- method -->
              <div class="method">
                <div class="method-content">
                  <a name="logoutFromBookStorePage">
                  </a> <!-- logoutFromBookStorePage -->
                  <span class="method-name">logoutFromBookStorePage</span>
                </div> <!-- method-content -->
              </div> <!-- method -->
              <div class="method">
                <div class="method-content">
                  <a name="testUserCanLogoutFromPRofilePage">
                  </a> <!-- testUserCanLogoutFromPRofilePage -->
                  <span class="method-name">testUserCanLogoutFromPRofilePage</span>
                </div> <!-- method-content -->
              </div> <!-- method -->
              <div class="method">
                <div class="method-content">
                  <a name="testUserCanLogoutFromPRofilePage">
                  </a> <!-- testUserCanLogoutFromPRofilePage -->
                  <span class="method-name">testUserCanLogoutFromPRofilePage</span>
                </div> <!-- method-content -->
              </div> <!-- method -->
              <div class="method">
                <div class="method-content">
                  <a name="testUserCanNavigateToBookStoreFromProfile">
                  </a> <!-- testUserCanNavigateToBookStoreFromProfile -->
                  <span class="method-name">testUserCanNavigateToBookStoreFromProfile</span>
                </div> <!-- method-content -->
              </div> <!-- method -->
              <div class="method">
                <div class="method-content">
                  <a name="testUserCanNavigateToBookStoreFromProfile">
                  </a> <!-- testUserCanNavigateToBookStoreFromProfile -->
                  <span class="method-name">testUserCanNavigateToBookStoreFromProfile</span>
                </div> <!-- method-content -->
              </div> <!-- method -->
            </div> <!-- main-panel-content rounded-window-bottom -->
          </div> <!-- suite-CrossBrowserSuite-class-passed -->
          <div class="suite-CrossBrowserSuite-class-passed">
            <div class="main-panel-header rounded-window-top">
              <img src="passed.png"/>
              <span class="class-name">com.qa.toolsqa.tests.DeleteAccountTest</span>
            </div> <!-- main-panel-header rounded-window-top -->
            <div class="main-panel-content rounded-window-bottom">
              <div class="method">
                <div class="method-content">
                  <a name="confermationMessage">
                  </a> <!-- confermationMessage -->
                  <span class="method-name">confermationMessage</span>
                  <em>
(Verify a confirmation message displayed to the user when delete an account)                  </em>
                </div> <!-- method-content -->
              </div> <!-- method -->
              <div class="method">
                <div class="method-content">
                  <a name="confermationMessage">
                  </a> <!-- confermationMessage -->
                  <span class="method-name">confermationMessage</span>
                  <em>
(Verify a confirmation message displayed to the user when delete an account)                  </em>
                </div> <!-- method-content -->
              </div> <!-- method -->
            </div> <!-- main-panel-content rounded-window-bottom -->
          </div> <!-- suite-CrossBrowserSuite-class-passed -->
        </div> <!-- panel CrossBrowserSuite -->
        <div panel-name="test-xml-CrossBrowserSuite" class="panel">
          <div class="main-panel-header rounded-window-top">
            <span class="header-content">/Users/saja/eclipse-workspace/toolsqa-selenium/testng.xml</span>
          </div> <!-- main-panel-header rounded-window-top -->
          <div class="main-panel-content rounded-window-bottom">
            <pre>
&lt;?xml version=&quot;1.0&quot; encoding=&quot;UTF-8&quot;?&gt;
&lt;!DOCTYPE suite SYSTEM &quot;https://testng.org/testng-1.0.dtd&quot;&gt;
&lt;suite thread-count=&quot;2&quot; parallel=&quot;tests&quot; name=&quot;CrossBrowserSuite&quot; guice-stage=&quot;DEVELOPMENT&quot;&gt;
  &lt;test thread-count=&quot;2&quot; parallel=&quot;tests&quot; name=&quot;Chrome Tests&quot;&gt;
    &lt;parameter name=&quot;browser&quot; value=&quot;chrome&quot;/&gt;
    &lt;classes&gt;
      &lt;class name=&quot;com.qa.toolsqa.tests.RegisterTest&quot;/&gt;
      &lt;class name=&quot;com.qa.toolsqa.tests.LoginTest&quot;/&gt;
      &lt;class name=&quot;com.qa.toolsqa.tests.NavigationTest&quot;/&gt;
      &lt;class name=&quot;com.qa.toolsqa.tests.DeleteAccountTest&quot;/&gt;
    &lt;/classes&gt;
  &lt;/test&gt; &lt;!-- Chrome Tests --&gt;
  &lt;test thread-count=&quot;2&quot; parallel=&quot;tests&quot; name=&quot;Firefox Tests&quot;&gt;
    &lt;parameter name=&quot;browser&quot; value=&quot;firefox&quot;/&gt;
    &lt;classes&gt;
      &lt;class name=&quot;com.qa.toolsqa.tests.RegisterTest&quot;/&gt;
      &lt;class name=&quot;com.qa.toolsqa.tests.LoginTest&quot;/&gt;
      &lt;class name=&quot;com.qa.toolsqa.tests.NavigationTest&quot;/&gt;
      &lt;class name=&quot;com.qa.toolsqa.tests.DeleteAccountTest&quot;/&gt;
    &lt;/classes&gt;
  &lt;/test&gt; &lt;!-- Firefox Tests --&gt;
&lt;/suite&gt; &lt;!-- CrossBrowserSuite --&gt;
            </pre>
          </div> <!-- main-panel-content rounded-window-bottom -->
        </div> <!-- panel -->
        <div panel-name="testlist-CrossBrowserSuite" class="panel">
          <div class="main-panel-header rounded-window-top">
            <span class="header-content">Tests for CrossBrowserSuite</span>
          </div> <!-- main-panel-header rounded-window-top -->
          <div class="main-panel-content rounded-window-bottom">
            <ul>
              <li>
                <span class="test-name">Chrome Tests (4 classes)</span>
              </li>
              <li>
                <span class="test-name">Firefox Tests (4 classes)</span>
              </li>
            </ul>
          </div> <!-- main-panel-content rounded-window-bottom -->
        </div> <!-- panel -->
        <div panel-name="group-CrossBrowserSuite" class="panel">
          <div class="main-panel-header rounded-window-top">
            <span class="header-content">Groups for CrossBrowserSuite</span>
          </div> <!-- main-panel-header rounded-window-top -->
          <div class="main-panel-content rounded-window-bottom">
          </div> <!-- main-panel-content rounded-window-bottom -->
        </div> <!-- panel -->
        <div panel-name="times-CrossBrowserSuite" class="panel">
          <div class="main-panel-header rounded-window-top">
            <span class="header-content">Times for CrossBrowserSuite</span>
          </div> <!-- main-panel-header rounded-window-top -->
          <div class="main-panel-content rounded-window-bottom">
            <div class="times-div">
              <script type="text/javascript">
suiteTableInitFunctions.push('tableData_CrossBrowserSuite');
function tableData_CrossBrowserSuite() {
var data = new google.visualization.DataTable();
data.addColumn('number', 'Number');
data.addColumn('string', 'Method');
data.addColumn('string', 'Class');
data.addColumn('number', 'Time (ms)');
data.addRows(30);
data.setCell(0, 0, 0)
data.setCell(0, 1, 'testPasswordIsCaseSensitive')
data.setCell(0, 2, 'com.qa.toolsqa.tests.LoginTest')
data.setCell(0, 3, 10226);
data.setCell(1, 0, 1)
data.setCell(1, 1, 'testPasswordIsCaseSensitive')
data.setCell(1, 2, 'com.qa.toolsqa.tests.LoginTest')
data.setCell(1, 3, 10191);
data.setCell(2, 0, 2)
data.setCell(2, 1, 'logoutFromBookStorePage')
data.setCell(2, 2, 'com.qa.toolsqa.tests.NavigationTest')
data.setCell(2, 3, 3122);
data.setCell(3, 0, 3)
data.setCell(3, 1, 'confermationMessage')
data.setCell(3, 2, 'com.qa.toolsqa.tests.DeleteAccountTest')
data.setCell(3, 3, 2660);
data.setCell(4, 0, 4)
data.setCell(4, 1, 'logoutFromBookStorePage')
data.setCell(4, 2, 'com.qa.toolsqa.tests.NavigationTest')
data.setCell(4, 3, 2615);
data.setCell(5, 0, 5)
data.setCell(5, 1, 'confermationMessage')
data.setCell(5, 2, 'com.qa.toolsqa.tests.DeleteAccountTest')
data.setCell(5, 3, 2113);
data.setCell(6, 0, 6)
data.setCell(6, 1, 'testUserCanNavigateToBookStoreFromProfile')
data.setCell(6, 2, 'com.qa.toolsqa.tests.NavigationTest')
data.setCell(6, 3, 2092);
data.setCell(7, 0, 7)
data.setCell(7, 1, 'testUserCanLogoutFromPRofilePage')
data.setCell(7, 2, 'com.qa.toolsqa.tests.NavigationTest')
data.setCell(7, 3, 2090);
data.setCell(8, 0, 8)
data.setCell(8, 1, 'testLoginWithValidCredentials')
data.setCell(8, 2, 'com.qa.toolsqa.tests.LoginTest')
data.setCell(8, 3, 2072);
data.setCell(9, 0, 9)
data.setCell(9, 1, 'testUserCanLogoutFromPRofilePage')
data.setCell(9, 2, 'com.qa.toolsqa.tests.NavigationTest')
data.setCell(9, 3, 2071);
data.setCell(10, 0, 10)
data.setCell(10, 1, 'testUserCanNavigateToBookStoreFromProfile')
data.setCell(10, 2, 'com.qa.toolsqa.tests.NavigationTest')
data.setCell(10, 3, 2069);
data.setCell(11, 0, 11)
data.setCell(11, 1, 'testLoginWithValidCredentials')
data.setCell(11, 2, 'com.qa.toolsqa.tests.LoginTest')
data.setCell(11, 3, 1584);
data.setCell(12, 0, 12)
data.setCell(12, 1, 'testLoginFailsWithInvalidCredential')
data.setCell(12, 2, 'com.qa.toolsqa.tests.LoginTest')
data.setCell(12, 3, 1577);
data.setCell(13, 0, 13)
data.setCell(13, 1, 'testLoginFailsWithInvalidCredential')
data.setCell(13, 2, 'com.qa.toolsqa.tests.LoginTest')
data.setCell(13, 3, 1062);
data.setCell(14, 0, 14)
data.setCell(14, 1, 'testRegistrationFailsWithoutFirstName')
data.setCell(14, 2, 'com.qa.toolsqa.tests.RegisterTest')
data.setCell(14, 3, 224);
data.setCell(15, 0, 15)
data.setCell(15, 1, 'testRegistrationFailsWithoutLastName')
data.setCell(15, 2, 'com.qa.toolsqa.tests.RegisterTest')
data.setCell(15, 3, 216);
data.setCell(16, 0, 16)
data.setCell(16, 1, 'testRegistrationFailsWithoutPassword')
data.setCell(16, 2, 'com.qa.toolsqa.tests.RegisterTest')
data.setCell(16, 3, 209);
data.setCell(17, 0, 17)
data.setCell(17, 1, 'testRegistrationFailsWithoutUsername')
data.setCell(17, 2, 'com.qa.toolsqa.tests.RegisterTest')
data.setCell(17, 3, 209);
data.setCell(18, 0, 18)
data.setCell(18, 1, 'testRegistrationFailsWithoutRecaptcha')
data.setCell(18, 2, 'com.qa.toolsqa.tests.RegisterTest')
data.setCell(18, 3, 171);
data.setCell(19, 0, 19)
data.setCell(19, 1, 'testLoginFailsWithEmptyUsername')
data.setCell(19, 2, 'com.qa.toolsqa.tests.LoginTest')
data.setCell(19, 3, 114);
data.setCell(20, 0, 20)
data.setCell(20, 1, 'testLoginFailsWithInvalidPassword')
data.setCell(20, 2, 'com.qa.toolsqa.tests.LoginTest')
data.setCell(20, 3, 108);
data.setCell(21, 0, 21)
data.setCell(21, 1, 'testLoginFailWithEmptyPassword')
data.setCell(21, 2, 'com.qa.toolsqa.tests.LoginTest')
data.setCell(21, 3, 104);
data.setCell(22, 0, 22)
data.setCell(22, 1, 'testRegistrationFailsWithoutUsername')
data.setCell(22, 2, 'com.qa.toolsqa.tests.RegisterTest')
data.setCell(22, 3, 74);
data.setCell(23, 0, 23)
data.setCell(23, 1, 'testRegistrationFailsWithoutFirstName')
data.setCell(23, 2, 'com.qa.toolsqa.tests.RegisterTest')
data.setCell(23, 3, 55);
data.setCell(24, 0, 24)
data.setCell(24, 1, 'testRegistrationFailsWithoutLastName')
data.setCell(24, 2, 'com.qa.toolsqa.tests.RegisterTest')
data.setCell(24, 3, 54);
data.setCell(25, 0, 25)
data.setCell(25, 1, 'testRegistrationFailsWithoutRecaptcha')
data.setCell(25, 2, 'com.qa.toolsqa.tests.RegisterTest')
data.setCell(25, 3, 53);
data.setCell(26, 0, 26)
data.setCell(26, 1, 'testRegistrationFailsWithoutPassword')
data.setCell(26, 2, 'com.qa.toolsqa.tests.RegisterTest')
data.setCell(26, 3, 53);
data.setCell(27, 0, 27)
data.setCell(27, 1, 'testLoginFailsWithInvalidPassword')
data.setCell(27, 2, 'com.qa.toolsqa.tests.LoginTest')
data.setCell(27, 3, 42);
data.setCell(28, 0, 28)
data.setCell(28, 1, 'testLoginFailsWithEmptyUsername')
data.setCell(28, 2, 'com.qa.toolsqa.tests.LoginTest')
data.setCell(28, 3, 34);
data.setCell(29, 0, 29)
data.setCell(29, 1, 'testLoginFailWithEmptyPassword')
data.setCell(29, 2, 'com.qa.toolsqa.tests.LoginTest')
data.setCell(29, 3, 34);
window.suiteTableData['CrossBrowserSuite']= { tableData: data, tableDiv: 'times-div-CrossBrowserSuite'}
return data;
}
              </script>
              <span class="suite-total-time">Total running time: 1 minutes</span>
              <div id="times-div-CrossBrowserSuite">
              </div> <!-- times-div-CrossBrowserSuite -->
            </div> <!-- times-div -->
          </div> <!-- main-panel-content rounded-window-bottom -->
        </div> <!-- panel -->
        <div panel-name="reporter-CrossBrowserSuite" class="panel">
          <div class="main-panel-header rounded-window-top">
            <span class="header-content">Reporter output for CrossBrowserSuite</span>
          </div> <!-- main-panel-header rounded-window-top -->
          <div class="main-panel-content rounded-window-bottom">
          </div> <!-- main-panel-content rounded-window-bottom -->
        </div> <!-- panel -->
        <div panel-name="ignored-methods-CrossBrowserSuite" class="panel">
          <div class="main-panel-header rounded-window-top">
            <span class="header-content">0 ignored methods</span>
          </div> <!-- main-panel-header rounded-window-top -->
          <div class="main-panel-content rounded-window-bottom">
          </div> <!-- main-panel-content rounded-window-bottom -->
        </div> <!-- panel -->
        <div panel-name="chronological-CrossBrowserSuite" class="panel">
          <div class="main-panel-header rounded-window-top">
            <span class="header-content">Methods in chronological order</span>
          </div> <!-- main-panel-header rounded-window-top -->
          <div class="main-panel-content rounded-window-bottom">
            <div class="chronological-class">
              <div class="chronological-class-name">com.qa.toolsqa.tests.RegisterTest</div> <!-- chronological-class-name -->
              <div class="configuration-method before">
                <span class="method-name">setup(chrome)</span>
                <span class="method-start">0 ms</span>
              </div> <!-- configuration-method before -->
              <div class="configuration-method before">
                <span class="method-name">setup(firefox)</span>
                <span class="method-start">0 ms</span>
              </div> <!-- configuration-method before -->
              <div class="configuration-method before">
                <span class="method-name">testSetup</span>
                <span class="method-start">747 ms</span>
              </div> <!-- configuration-method before -->
              <div class="configuration-method before">
                <span class="method-name">testSetup</span>
                <span class="method-start">1128 ms</span>
              </div> <!-- configuration-method before -->
              <div class="test-method">
                <span class="method-name">testRegistrationFailsWithoutFirstName</span>
                <span class="method-start">2061 ms</span>
              </div> <!-- test-method -->
              <div class="configuration-method after">
                <span class="method-name">tearDown</span>
                <span class="method-start">2286 ms</span>
              </div> <!-- configuration-method after -->
              <div class="configuration-method before">
                <span class="method-name">setup(chrome)</span>
                <span class="method-start">2374 ms</span>
              </div> <!-- configuration-method before -->
              <div class="configuration-method before">
                <span class="method-name">testSetup</span>
                <span class="method-start">2780 ms</span>
              </div> <!-- configuration-method before -->
              <div class="test-method">
                <span class="method-name">testRegistrationFailsWithoutFirstName</span>
                <span class="method-start">3249 ms</span>
              </div> <!-- test-method -->
              <div class="configuration-method after">
                <span class="method-name">tearDown</span>
                <span class="method-start">3305 ms</span>
              </div> <!-- configuration-method after -->
              <div class="test-method">
                <span class="method-name">testRegistrationFailsWithoutLastName</span>
                <span class="method-start">3995 ms</span>
              </div> <!-- test-method -->
              <div class="configuration-method after">
                <span class="method-name">tearDown</span>
                <span class="method-start">4211 ms</span>
              </div> <!-- configuration-method after -->
              <div class="configuration-method before">
                <span class="method-name">setup(chrome)</span>
                <span class="method-start">4298 ms</span>
              </div> <!-- configuration-method before -->
              <div class="configuration-method before">
                <span class="method-name">setup(firefox)</span>
                <span class="method-start">4785 ms</span>
              </div> <!-- configuration-method before -->
              <div class="configuration-method before">
                <span class="method-name">testSetup</span>
                <span class="method-start">4836 ms</span>
              </div> <!-- configuration-method before -->
              <div class="configuration-method before">
                <span class="method-name">testSetup</span>
                <span class="method-start">5648 ms</span>
              </div> <!-- configuration-method before -->
              <div class="test-method">
                <span class="method-name">testRegistrationFailsWithoutPassword</span>
                <span class="method-start">6079 ms</span>
              </div> <!-- test-method -->
              <div class="configuration-method after">
                <span class="method-name">tearDown</span>
                <span class="method-start">6289 ms</span>
              </div> <!-- configuration-method after -->
              <div class="configuration-method before">
                <span class="method-name">setup(chrome)</span>
                <span class="method-start">6373 ms</span>
              </div> <!-- configuration-method before -->
              <div class="configuration-method before">
                <span class="method-name">testSetup</span>
                <span class="method-start">6758 ms</span>
              </div> <!-- configuration-method before -->
              <div class="test-method">
                <span class="method-name">testRegistrationFailsWithoutRecaptcha</span>
                <span class="method-start">9044 ms</span>
              </div> <!-- test-method -->
              <div class="configuration-method after">
                <span class="method-name">tearDown</span>
                <span class="method-start">9215 ms</span>
              </div> <!-- configuration-method after -->
              <div class="configuration-method before">
                <span class="method-name">setup(chrome)</span>
                <span class="method-start">9299 ms</span>
              </div> <!-- configuration-method before -->
              <div class="configuration-method before">
                <span class="method-name">testSetup</span>
                <span class="method-start">9678 ms</span>
              </div> <!-- configuration-method before -->
              <div class="test-method">
                <span class="method-name">testRegistrationFailsWithoutLastName</span>
                <span class="method-start">10408 ms</span>
              </div> <!-- test-method -->
              <div class="configuration-method after">
                <span class="method-name">tearDown</span>
                <span class="method-start">10462 ms</span>
              </div> <!-- configuration-method after -->
              <div class="configuration-method before">
                <span class="method-name">setup(firefox)</span>
                <span class="method-start">10806 ms</span>
              </div> <!-- configuration-method before -->
              <div class="test-method">
                <span class="method-name">testRegistrationFailsWithoutUsername</span>
                <span class="method-start">10907 ms</span>
              </div> <!-- test-method -->
              <div class="configuration-method after">
                <span class="method-name">tearDown</span>
                <span class="method-start">11116 ms</span>
              </div> <!-- configuration-method after -->
            </div> <!-- chronological-class -->
            <div class="chronological-class">
              <div class="chronological-class-name">com.qa.toolsqa.tests.LoginTest</div> <!-- chronological-class-name -->
              <div class="configuration-method before">
                <span class="method-name">setup(chrome)</span>
                <span class="method-start">11203 ms</span>
              </div> <!-- configuration-method before -->
              <div class="configuration-method before">
                <span class="method-name">testSetup</span>
                <span class="method-start">11609 ms</span>
              </div> <!-- configuration-method before -->
            </div> <!-- chronological-class -->
            <div class="chronological-class">
              <div class="chronological-class-name">com.qa.toolsqa.tests.RegisterTest</div> <!-- chronological-class-name -->
              <div class="configuration-method before">
                <span class="method-name">testSetup</span>
                <span class="method-start">11736 ms</span>
              </div> <!-- configuration-method before -->
            </div> <!-- chronological-class -->
            <div class="chronological-class">
              <div class="chronological-class-name">com.qa.toolsqa.tests.LoginTest</div> <!-- chronological-class-name -->
              <div class="test-method">
                <span class="method-name">testLoginFailWithEmptyPassword</span>
                <span class="method-start">12899 ms</span>
              </div> <!-- test-method -->
              <div class="configuration-method after">
                <span class="method-name">tearDown</span>
                <span class="method-start">13003 ms</span>
              </div> <!-- configuration-method after -->
              <div class="configuration-method before">
                <span class="method-name">setup(chrome)</span>
                <span class="method-start">13087 ms</span>
              </div> <!-- configuration-method before -->
              <div class="configuration-method before">
                <span class="method-name">testSetup</span>
                <span class="method-start">13391 ms</span>
              </div> <!-- configuration-method before -->
            </div> <!-- chronological-class -->
            <div class="chronological-class">
              <div class="chronological-class-name">com.qa.toolsqa.tests.RegisterTest</div> <!-- chronological-class-name -->
              <div class="test-method">
                <span class="method-name">testRegistrationFailsWithoutPassword</span>
                <span class="method-start">13654 ms</span>
              </div> <!-- test-method -->
              <div class="configuration-method after">
                <span class="method-name">tearDown</span>
                <span class="method-start">13708 ms</span>
              </div> <!-- configuration-method after -->
              <div class="configuration-method before">
                <span class="method-name">setup(firefox)</span>
                <span class="method-start">14054 ms</span>
              </div> <!-- configuration-method before -->
            </div> <!-- chronological-class -->
            <div class="chronological-class">
              <div class="chronological-class-name">com.qa.toolsqa.tests.LoginTest</div> <!-- chronological-class-name -->
              <div class="test-method">
                <span class="method-name">testLoginFailsWithEmptyUsername</span>
                <span class="method-start">14606 ms</span>
              </div> <!-- test-method -->
              <div class="configuration-method after">
                <span class="method-name">tearDown</span>
                <span class="method-start">14721 ms</span>
              </div> <!-- configuration-method after -->
              <div class="configuration-method before">
                <span class="method-name">setup(chrome)</span>
                <span class="method-start">14808 ms</span>
              </div> <!-- configuration-method before -->
            </div> <!-- chronological-class -->
            <div class="chronological-class">
              <div class="chronological-class-name">com.qa.toolsqa.tests.RegisterTest</div> <!-- chronological-class-name -->
              <div class="configuration-method before">
                <span class="method-name">testSetup</span>
                <span class="method-start">14906 ms</span>
              </div> <!-- configuration-method before -->
            </div> <!-- chronological-class -->
            <div class="chronological-class">
              <div class="chronological-class-name">com.qa.toolsqa.tests.LoginTest</div> <!-- chronological-class-name -->
              <div class="configuration-method before">
                <span class="method-name">testSetup</span>
                <span class="method-start">15205 ms</span>
              </div> <!-- configuration-method before -->
              <div class="test-method">
                <span class="method-name">testLoginFailsWithInvalidCredential</span>
                <span class="method-start">16482 ms</span>
              </div> <!-- test-method -->
            </div> <!-- chronological-class -->
            <div class="chronological-class">
              <div class="chronological-class-name">com.qa.toolsqa.tests.RegisterTest</div> <!-- chronological-class-name -->
              <div class="test-method">
                <span class="method-name">testRegistrationFailsWithoutRecaptcha</span>
                <span class="method-start">16739 ms</span>
              </div> <!-- test-method -->
              <div class="configuration-method after">
                <span class="method-name">tearDown</span>
                <span class="method-start">16793 ms</span>
              </div> <!-- configuration-method after -->
              <div class="configuration-method before">
                <span class="method-name">setup(firefox)</span>
                <span class="method-start">17137 ms</span>
              </div> <!-- configuration-method before -->
              <div class="configuration-method before">
                <span class="method-name">testSetup</span>
                <span class="method-start">17987 ms</span>
              </div> <!-- configuration-method before -->
            </div> <!-- chronological-class -->
            <div class="chronological-class">
              <div class="chronological-class-name">com.qa.toolsqa.tests.LoginTest</div> <!-- chronological-class-name -->
              <div class="configuration-method after">
                <span class="method-name">tearDown</span>
                <span class="method-start">18059 ms</span>
              </div> <!-- configuration-method after -->
              <div class="configuration-method before">
                <span class="method-name">setup(chrome)</span>
                <span class="method-start">18144 ms</span>
              </div> <!-- configuration-method before -->
              <div class="configuration-method before">
                <span class="method-name">testSetup</span>
                <span class="method-start">18479 ms</span>
              </div> <!-- configuration-method before -->
              <div class="test-method">
                <span class="method-name">testLoginFailsWithInvalidPassword</span>
                <span class="method-start">19588 ms</span>
              </div> <!-- test-method -->
              <div class="configuration-method after">
                <span class="method-name">tearDown</span>
                <span class="method-start">19696 ms</span>
              </div> <!-- configuration-method after -->
              <div class="configuration-method before">
                <span class="method-name">setup(chrome)</span>
                <span class="method-start">19779 ms</span>
              </div> <!-- configuration-method before -->
            </div> <!-- chronological-class -->
            <div class="chronological-class">
              <div class="chronological-class-name">com.qa.toolsqa.tests.RegisterTest</div> <!-- chronological-class-name -->
              <div class="test-method">
                <span class="method-name">testRegistrationFailsWithoutUsername</span>
                <span class="method-start">20122 ms</span>
              </div> <!-- test-method -->
            </div> <!-- chronological-class -->
            <div class="chronological-class">
              <div class="chronological-class-name">com.qa.toolsqa.tests.LoginTest</div> <!-- chronological-class-name -->
              <div class="configuration-method before">
                <span class="method-name">testSetup</span>
                <span class="method-start">20164 ms</span>
              </div> <!-- configuration-method before -->
            </div> <!-- chronological-class -->
            <div class="chronological-class">
              <div class="chronological-class-name">com.qa.toolsqa.tests.RegisterTest</div> <!-- chronological-class-name -->
              <div class="configuration-method after">
                <span class="method-name">tearDown</span>
                <span class="method-start">20197 ms</span>
              </div> <!-- configuration-method after -->
            </div> <!-- chronological-class -->
            <div class="chronological-class">
              <div class="chronological-class-name">com.qa.toolsqa.tests.LoginTest</div> <!-- chronological-class-name -->
              <div class="configuration-method before">
                <span class="method-name">setup(firefox)</span>
                <span class="method-start">20539 ms</span>
              </div> <!-- configuration-method before -->
              <div class="configuration-method before">
                <span class="method-name">testSetup</span>
                <span class="method-start">21434 ms</span>
              </div> <!-- configuration-method before -->
              <div class="test-method">
                <span class="method-name">testLoginWithValidCredentials</span>
                <span class="method-start">21565 ms</span>
              </div> <!-- test-method -->
              <div class="test-method">
                <span class="method-name">testLoginFailWithEmptyPassword</span>
                <span class="method-start">22874 ms</span>
              </div> <!-- test-method -->
              <div class="configuration-method after">
                <span class="method-name">tearDown</span>
                <span class="method-start">22908 ms</span>
              </div> <!-- configuration-method after -->
              <div class="configuration-method after">
                <span class="method-name">tearDown</span>
                <span class="method-start">23149 ms</span>
              </div> <!-- configuration-method after -->
              <div class="configuration-method before">
                <span class="method-name">setup(chrome)</span>
                <span class="method-start">23234 ms</span>
              </div> <!-- configuration-method before -->
              <div class="configuration-method before">
                <span class="method-name">setup(firefox)</span>
                <span class="method-start">23248 ms</span>
              </div> <!-- configuration-method before -->
              <div class="configuration-method before">
                <span class="method-name">testSetup</span>
                <span class="method-start">23585 ms</span>
              </div> <!-- configuration-method before -->
              <div class="configuration-method before">
                <span class="method-name">testSetup</span>
                <span class="method-start">24185 ms</span>
              </div> <!-- configuration-method before -->
              <div class="test-method">
                <img src="failed.png">
                </img>
                <span class="method-name">testPasswordIsCaseSensitive</span>
                <span class="method-start">24904 ms</span>
              </div> <!-- test-method -->
              <div class="test-method">
                <span class="method-name">testLoginFailsWithEmptyUsername</span>
                <span class="method-start">26009 ms</span>
              </div> <!-- test-method -->
              <div class="configuration-method after">
                <span class="method-name">tearDown</span>
                <span class="method-start">26043 ms</span>
              </div> <!-- configuration-method after -->
              <div class="configuration-method before">
                <span class="method-name">setup(firefox)</span>
                <span class="method-start">26388 ms</span>
              </div> <!-- configuration-method before -->
              <div class="configuration-method before">
                <span class="method-name">testSetup</span>
                <span class="method-start">27261 ms</span>
              </div> <!-- configuration-method before -->
              <div class="test-method">
                <span class="method-name">testLoginFailsWithInvalidCredential</span>
                <span class="method-start">29139 ms</span>
              </div> <!-- test-method -->
              <div class="configuration-method after">
                <span class="method-name">tearDown</span>
                <span class="method-start">30201 ms</span>
              </div> <!-- configuration-method after -->
              <div class="configuration-method before">
                <span class="method-name">setup(firefox)</span>
                <span class="method-start">30547 ms</span>
              </div> <!-- configuration-method before -->
              <div class="configuration-method before">
                <span class="method-name">testSetup</span>
                <span class="method-start">31387 ms</span>
              </div> <!-- configuration-method before -->
              <div class="test-method">
                <span class="method-name">testLoginFailsWithInvalidPassword</span>
                <span class="method-start">33258 ms</span>
              </div> <!-- test-method -->
              <div class="configuration-method after">
                <span class="method-name">tearDown</span>
                <span class="method-start">33300 ms</span>
              </div> <!-- configuration-method after -->
              <div class="configuration-method before">
                <span class="method-name">setup(firefox)</span>
                <span class="method-start">33649 ms</span>
              </div> <!-- configuration-method before -->
              <div class="configuration-method before">
                <span class="method-name">testSetup</span>
                <span class="method-start">34473 ms</span>
              </div> <!-- configuration-method before -->
              <div class="configuration-method after">
                <span class="method-name">tearDown</span>
                <span class="method-start">35097 ms</span>
              </div> <!-- configuration-method after -->
            </div> <!-- chronological-class -->
            <div class="chronological-class">
              <div class="chronological-class-name">com.qa.toolsqa.tests.NavigationTest</div> <!-- chronological-class-name -->
              <div class="configuration-method before">
                <span class="method-name">setup(chrome)</span>
                <span class="method-start">35190 ms</span>
              </div> <!-- configuration-method before -->
              <div class="configuration-method before">
                <span class="method-name">testSetup</span>
                <span class="method-start">35580 ms</span>
              </div> <!-- configuration-method before -->
              <div class="test-method">
                <span class="method-name">logoutFromBookStorePage</span>
                <span class="method-start">37966 ms</span>
              </div> <!-- test-method -->
              <div class="configuration-method after">
                <span class="method-name">tearDown</span>
                <span class="method-start">40581 ms</span>
              </div> <!-- configuration-method after -->
              <div class="configuration-method before">
                <span class="method-name">setup(chrome)</span>
                <span class="method-start">40674 ms</span>
              </div> <!-- configuration-method before -->
              <div class="configuration-method before">
                <span class="method-name">testSetup</span>
                <span class="method-start">40962 ms</span>
              </div> <!-- configuration-method before -->
              <div class="test-method">
                <span class="method-name">testUserCanLogoutFromPRofilePage</span>
                <span class="method-start">42196 ms</span>
              </div> <!-- test-method -->
              <div class="configuration-method after">
                <span class="method-name">tearDown</span>
                <span class="method-start">44268 ms</span>
              </div> <!-- configuration-method after -->
              <div class="configuration-method before">
                <span class="method-name">setup(chrome)</span>
                <span class="method-start">44360 ms</span>
              </div> <!-- configuration-method before -->
              <div class="configuration-method before">
                <span class="method-name">testSetup</span>
                <span class="method-start">44762 ms</span>
              </div> <!-- configuration-method before -->
              <div class="test-method">
                <span class="method-name">testUserCanNavigateToBookStoreFromProfile</span>
                <span class="method-start">46048 ms</span>
              </div> <!-- test-method -->
              <div class="configuration-method after">
                <span class="method-name">tearDown</span>
                <span class="method-start">48117 ms</span>
              </div> <!-- configuration-method after -->
            </div> <!-- chronological-class -->
            <div class="chronological-class">
              <div class="chronological-class-name">com.qa.toolsqa.tests.DeleteAccountTest</div> <!-- chronological-class-name -->
              <div class="configuration-method before">
                <span class="method-name">setup(chrome)</span>
                <span class="method-start">48209 ms</span>
              </div> <!-- configuration-method before -->
              <div class="configuration-method before">
                <span class="method-name">testSetup</span>
                <span class="method-start">48592 ms</span>
              </div> <!-- configuration-method before -->
              <div class="test-method">
                <span class="method-name">confermationMessage</span>
                <span class="method-start">50017 ms</span>
              </div> <!-- test-method -->
            </div> <!-- chronological-class -->
            <div class="chronological-class">
              <div class="chronological-class-name">com.qa.toolsqa.tests.LoginTest</div> <!-- chronological-class-name -->
              <div class="test-method">
                <span class="method-name">testLoginWithValidCredentials</span>
                <span class="method-start">50408 ms</span>
              </div> <!-- test-method -->
              <div class="configuration-method after">
                <span class="method-name">tearDown</span>
                <span class="method-start">52481 ms</span>
              </div> <!-- configuration-method after -->
            </div> <!-- chronological-class -->
            <div class="chronological-class">
              <div class="chronological-class-name">com.qa.toolsqa.tests.DeleteAccountTest</div> <!-- chronological-class-name -->
              <div class="configuration-method after">
                <span class="method-name">tearDown</span>
                <span class="method-start">52677 ms</span>
              </div> <!-- configuration-method after -->
            </div> <!-- chronological-class -->
            <div class="chronological-class">
              <div class="chronological-class-name">com.qa.toolsqa.tests.LoginTest</div> <!-- chronological-class-name -->
              <div class="configuration-method before">
                <span class="method-name">setup(firefox)</span>
                <span class="method-start">52845 ms</span>
              </div> <!-- configuration-method before -->
              <div class="configuration-method before">
                <span class="method-name">testSetup</span>
                <span class="method-start">53672 ms</span>
              </div> <!-- configuration-method before -->
              <div class="test-method">
                <img src="failed.png">
                </img>
                <span class="method-name">testPasswordIsCaseSensitive</span>
                <span class="method-start">55372 ms</span>
              </div> <!-- test-method -->
              <div class="configuration-method after">
                <span class="method-name">tearDown</span>
                <span class="method-start">65599 ms</span>
              </div> <!-- configuration-method after -->
            </div> <!-- chronological-class -->
            <div class="chronological-class">
              <div class="chronological-class-name">com.qa.toolsqa.tests.NavigationTest</div> <!-- chronological-class-name -->
              <div class="configuration-method before">
                <span class="method-name">setup(firefox)</span>
                <span class="method-start">65960 ms</span>
              </div> <!-- configuration-method before -->
              <div class="configuration-method before">
                <span class="method-name">testSetup</span>
                <span class="method-start">66806 ms</span>
              </div> <!-- configuration-method before -->
              <div class="test-method">
                <span class="method-name">logoutFromBookStorePage</span>
                <span class="method-start">68213 ms</span>
              </div> <!-- test-method -->
              <div class="configuration-method after">
                <span class="method-name">tearDown</span>
                <span class="method-start">71335 ms</span>
              </div> <!-- configuration-method after -->
              <div class="configuration-method before">
                <span class="method-name">setup(firefox)</span>
                <span class="method-start">71690 ms</span>
              </div> <!-- configuration-method before -->
              <div class="configuration-method before">
                <span class="method-name">testSetup</span>
                <span class="method-start">72543 ms</span>
              </div> <!-- configuration-method before -->
              <div class="test-method">
                <span class="method-name">testUserCanLogoutFromPRofilePage</span>
                <span class="method-start">74514 ms</span>
              </div> <!-- test-method -->
              <div class="configuration-method after">
                <span class="method-name">tearDown</span>
                <span class="method-start">76604 ms</span>
              </div> <!-- configuration-method after -->
              <div class="configuration-method before">
                <span class="method-name">setup(firefox)</span>
                <span class="method-start">76954 ms</span>
              </div> <!-- configuration-method before -->
              <div class="configuration-method before">
                <span class="method-name">testSetup</span>
                <span class="method-start">77785 ms</span>
              </div> <!-- configuration-method before -->
              <div class="test-method">
                <span class="method-name">testUserCanNavigateToBookStoreFromProfile</span>
                <span class="method-start">79644 ms</span>
              </div> <!-- test-method -->
              <div class="configuration-method after">
                <span class="method-name">tearDown</span>
                <span class="method-start">81736 ms</span>
              </div> <!-- configuration-method after -->
            </div> <!-- chronological-class -->
            <div class="chronological-class">
              <div class="chronological-class-name">com.qa.toolsqa.tests.DeleteAccountTest</div> <!-- chronological-class-name -->
              <div class="configuration-method before">
                <span class="method-name">setup(firefox)</span>
                <span class="method-start">82086 ms</span>
              </div> <!-- configuration-method before -->
              <div class="configuration-method before">
                <span class="method-name">testSetup</span>
                <span class="method-start">82914 ms</span>
              </div> <!-- configuration-method before -->
              <div class="test-method">
                <span class="method-name">confermationMessage</span>
                <span class="method-start">84785 ms</span>
              </div> <!-- test-method -->
              <div class="configuration-method after">
                <span class="method-name">tearDown</span>
                <span class="method-start">86898 ms</span>
              </div> <!-- configuration-method after -->
          </div> <!-- main-panel-content rounded-window-bottom -->
        </div> <!-- panel -->
      </div> <!-- main-panel-root -->
    </div> <!-- wrapper -->
  </body>
<script type="text/javascript" src="testng-reports2.js"></script>
</html>
