<?xml version="1.0" encoding="UTF-8"?>
<!-- Generated by org.testng.reporters.JUnitReportReporter -->
<testsuite hostname="MacBook-Pro.local" failures="0" tests="6" name="com.qa.toolsqa.tests.NavigationTest" time="29.140" errors="0" timestamp="2026-01-23T00:44:20 CET" skipped="0">
  <testcase classname="com.qa.toolsqa.tests.NavigationTest" name="testUserCanNavigateToBookStoreFromProfile" time="5.243"/>
  <testcase classname="com.qa.toolsqa.tests.NavigationTest" name="testUserCanNavigateToBookStoreFromProfile" time="4.948"/>
  <testcase classname="com.qa.toolsqa.tests.NavigationTest" name="testUserCanLogoutFromPRofilePage" time="4.699"/>
  <testcase classname="com.qa.toolsqa.tests.NavigationTest" name="testUserCanLogoutFromPRofilePage" time="3.839"/>
  <testcase classname="com.qa.toolsqa.tests.NavigationTest" name="logoutFromBookStorePage" time="6.182"/>
  <testcase classname="com.qa.toolsqa.tests.NavigationTest" name="logoutFromBookStorePage" time="4.229"/>
</testsuite> <!-- com.qa.toolsqa.tests.NavigationTest -->
