<html>
<head>
<title>TestNG:  Firefox Tests</title>
<link href="../testng.css" rel="stylesheet" type="text/css" />
<link href="../my-testng.css" rel="stylesheet" type="text/css" />

<style type="text/css">
.log { display: none;} 
.stack-trace { display: none;} 
</style>
<script type="text/javascript">
<!--
function flip(e) {
  current = e.style.display;
  if (current == 'block') {
    e.style.display = 'none';
    return 0;
  }
  else {
    e.style.display = 'block';
    return 1;
  }
}

function toggleBox(szDivId, elem, msg1, msg2)
{
  var res = -1;  if (document.getElementById) {
    res = flip(document.getElementById(szDivId));
  }
  else if (document.all) {
    // this is the way old msie versions work
    res = flip(document.all[szDivId]);
  }
  if(elem) {
    if(res == 0) elem.innerHTML = msg1; else elem.innerHTML = msg2;
  }

}

function toggleAllBoxes() {
  if (document.getElementsByTagName) {
    d = document.getElementsByTagName('div');
    for (i = 0; i < d.length; i++) {
      if (d[i].className == 'log') {
        flip(d[i]);
      }
    }
  }
}

// -->
</script>

</head>
<body>
<h2 align='center'>Firefox Tests</h2><table border='1' align="center">
<tr>
<td>Tests passed/Failed/Skipped:</td><td>14/1/0</td>
</tr><tr>
<td>Started on:</td><td>Fri Jan 23 00:42:53 CET 2026</td>
</tr>
<tr><td>Total time:</td><td>87 seconds (87255 ms)</td>
</tr><tr>
<td>Included groups:</td><td></td>
</tr><tr>
<td>Excluded groups:</td><td></td>
</tr>
</table><p/>
<small><i>(Hover the method name to see the test class name)</i></small><p/>
<table width='100%' border='1' class='invocation-failed'>
<tr><td colspan='4' align='center'><b>FAILED TESTS</b></td></tr>
<tr><td><b>Test method</b></td>
<td><b>Attribute(s)</b></td>
<td width="30%"><b>Exception</b></td>
<td width="10%"><b>Time (seconds)</b></td>
<td><b>Instance</b></td>
</tr>
<tr>
<td title='com.qa.toolsqa.tests.LoginTest.testPasswordIsCaseSensitive()'><b>testPasswordIsCaseSensitive</b><br>Test class: com.qa.toolsqa.tests.LoginTest<br>Test method: Verfy password field is case-sensetive</td>
<td><div><pre>org.openqa.selenium.TimeoutException: Expected condition failed: waiting for visibility of element located by By.id: name (tried for 10 second(s) with 500 milliseconds interval)
Build info: version: &apos;4.25.0&apos;, revision: &apos;8a8aea2337&apos;
System info: os.name: &apos;Mac OS X&apos;, os.arch: &apos;aarch64&apos;, os.version: &apos;26.0.1&apos;, java.version: &apos;21.0.8&apos;
Driver info: org.openqa.selenium.firefox.FirefoxDriver
Capabilities {acceptInsecureCerts: true, browserName: firefox, browserVersion: 147.0.1, moz:accessibilityChecks: false, moz:buildID: 20260116091309, moz:geckodriverVersion: 0.36.0, moz:headless: true, moz:platformVersion: 25.0.0, moz:processID: 32702, moz:profile: /var/folders/7p/hrnbqj5130z..., moz:shutdownTimeout: 60000, moz:webdriverClick: true, moz:windowless: false, pageLoadStrategy: normal, platformName: mac, proxy: Proxy(), setWindowRect: true, strictFileInteractability: false, timeouts: {implicit: 0, pageLoad: 300000, script: 30000}, unhandledPromptBehavior: dismiss and notify, userAgent: Mozilla/5.0 (Macintosh; Int...}
Session ID: f5032290-5b39-4d43-8ed1-142974683829
	at org.openqa.selenium.support.ui.WebDriverWait.timeoutException(WebDriverWait.java:84)
	at org.openqa.selenium.support.ui.FluentWait.until(FluentWait.java:228)
	at com.qa.toolsqa.pages.LoginPage.getErrorMessage(LoginPage.java:42)
	at com.qa.toolsqa.tests.LoginTest.testPasswordIsCaseSensitive(LoginTest.java:54)
	at java.base/java.util.ArrayList.forEach(ArrayList.java:1596)
	at java.base/java.util.concurrent.FutureTask.run(FutureTask.java:317)
	at java.base/java.util.concurrent.ThreadPoolExecutor.runWorker(ThreadPoolExecutor.java:1144)
	at java.base/java.util.concurrent.ThreadPoolExecutor$Worker.run(ThreadPoolExecutor.java:642)
	at java.base/java.lang.Thread.run(Thread.java:1583)
... Removed 15 stack frames</pre></div><a href='#' onClick='toggleBox("stack-trace1823380370", this, "Click to show all stack frames", "Click to hide stack frames")'>Click to show all stack frames</a>
<div class='stack-trace' id='stack-trace1823380370'><pre>org.openqa.selenium.TimeoutException: Expected condition failed: waiting for visibility of element located by By.id: name (tried for 10 second(s) with 500 milliseconds interval)
Build info: version: &apos;4.25.0&apos;, revision: &apos;8a8aea2337&apos;
System info: os.name: &apos;Mac OS X&apos;, os.arch: &apos;aarch64&apos;, os.version: &apos;26.0.1&apos;, java.version: &apos;21.0.8&apos;
Driver info: org.openqa.selenium.firefox.FirefoxDriver
Capabilities {acceptInsecureCerts: true, browserName: firefox, browserVersion: 147.0.1, moz:accessibilityChecks: false, moz:buildID: 20260116091309, moz:geckodriverVersion: 0.36.0, moz:headless: true, moz:platformVersion: 25.0.0, moz:processID: 32702, moz:profile: /var/folders/7p/hrnbqj5130z..., moz:shutdownTimeout: 60000, moz:webdriverClick: true, moz:windowless: false, pageLoadStrategy: normal, platformName: mac, proxy: Proxy(), setWindowRect: true, strictFileInteractability: false, timeouts: {implicit: 0, pageLoad: 300000, script: 30000}, unhandledPromptBehavior: dismiss and notify, userAgent: Mozilla/5.0 (Macintosh; Int...}
Session ID: f5032290-5b39-4d43-8ed1-142974683829
	at org.openqa.selenium.support.ui.WebDriverWait.timeoutException(WebDriverWait.java:84)
	at org.openqa.selenium.support.ui.FluentWait.until(FluentWait.java:228)
	at com.qa.toolsqa.pages.LoginPage.getErrorMessage(LoginPage.java:42)
	at com.qa.toolsqa.tests.LoginTest.testPasswordIsCaseSensitive(LoginTest.java:54)
	at java.base/jdk.internal.reflect.DirectMethodHandleAccessor.invoke(DirectMethodHandleAccessor.java:103)
	at java.base/java.lang.reflect.Method.invoke(Method.java:580)
	at org.testng.internal.invokers.MethodInvocationHelper.invokeMethod(MethodInvocationHelper.java:141)
	at org.testng.internal.invokers.TestInvoker.invokeMethod(TestInvoker.java:687)
	at org.testng.internal.invokers.TestInvoker.invokeTestMethod(TestInvoker.java:230)
	at org.testng.internal.invokers.MethodRunner.runInSequence(MethodRunner.java:63)
	at org.testng.internal.invokers.TestInvoker$MethodInvocationAgent.invoke(TestInvoker.java:995)
	at org.testng.internal.invokers.TestInvoker.invokeTestMethods(TestInvoker.java:203)
	at org.testng.internal.invokers.TestMethodWorker.invokeTestMethods(TestMethodWorker.java:154)
	at org.testng.internal.invokers.TestMethodWorker.run(TestMethodWorker.java:134)
	at java.base/java.util.ArrayList.forEach(ArrayList.java:1596)
	at org.testng.TestRunner.privateRun(TestRunner.java:741)
	at org.testng.TestRunner.run(TestRunner.java:616)
	at org.testng.SuiteRunner.runTest(SuiteRunner.java:421)
	at org.testng.SuiteRunner$SuiteWorker.run(SuiteRunner.java:463)
	at org.testng.internal.thread.ThreadUtil.lambda$execute$0(ThreadUtil.java:64)
	at java.base/java.util.concurrent.FutureTask.run(FutureTask.java:317)
	at java.base/java.util.concurrent.ThreadPoolExecutor.runWorker(ThreadPoolExecutor.java:1144)
	at java.base/java.util.concurrent.ThreadPoolExecutor$Worker.run(ThreadPoolExecutor.java:642)
	at java.base/java.lang.Thread.run(Thread.java:1583)
</pre></div></td>
<td>10</td>
<td>com.qa.toolsqa.tests.LoginTest@66d18979</td></tr>
</table><p>
<table width='100%' border='1' class='invocation-passed'>
<tr><td colspan='4' align='center'><b>PASSED TESTS</b></td></tr>
<tr><td><b>Test method</b></td>
<td><b>Attribute(s)</b></td>
<td width="30%"><b>Exception</b></td>
<td width="10%"><b>Time (seconds)</b></td>
<td><b>Instance</b></td>
</tr>
<tr>
<td title='com.qa.toolsqa.tests.RegisterTest.testRegistrationFailsWithoutRecaptcha()'><b>testRegistrationFailsWithoutRecaptcha</b><br>Test class: com.qa.toolsqa.tests.RegisterTest<br>Test method: Verify registration fails when reCaptcha is not completed</td>
<td></td>
<td>0</td>
<td>com.qa.toolsqa.tests.RegisterTest@6913c1fb</td></tr>
<tr>
<td title='com.qa.toolsqa.tests.RegisterTest.testRegistrationFailsWithoutLastName()'><b>testRegistrationFailsWithoutLastName</b><br>Test class: com.qa.toolsqa.tests.RegisterTest<br>Test method: Verify registration fails when last name is empty</td>
<td></td>
<td>0</td>
<td>com.qa.toolsqa.tests.RegisterTest@6913c1fb</td></tr>
<tr>
<td title='com.qa.toolsqa.tests.NavigationTest.testUserCanLogoutFromPRofilePage()'><b>testUserCanLogoutFromPRofilePage</b><br>Test class: com.qa.toolsqa.tests.NavigationTest</td>
<td></td>
<td>2</td>
<td>com.qa.toolsqa.tests.NavigationTest@bccb269</td></tr>
<tr>
<td title='com.qa.toolsqa.tests.LoginTest.testLoginFailsWithInvalidPassword()'><b>testLoginFailsWithInvalidPassword</b><br>Test class: com.qa.toolsqa.tests.LoginTest<br>Test method: Verify login fails with invalid password</td>
<td></td>
<td>0</td>
<td>com.qa.toolsqa.tests.LoginTest@66d18979</td></tr>
<tr>
<td title='com.qa.toolsqa.tests.DeleteAccountTest.confermationMessage()'><b>confermationMessage</b><br>Test class: com.qa.toolsqa.tests.DeleteAccountTest<br>Test method: Verify a confirmation message displayed to the user when delete an account</td>
<td></td>
<td>2</td>
<td>com.qa.toolsqa.tests.DeleteAccountTest@609cd4d8</td></tr>
<tr>
<td title='com.qa.toolsqa.tests.NavigationTest.testUserCanNavigateToBookStoreFromProfile()'><b>testUserCanNavigateToBookStoreFromProfile</b><br>Test class: com.qa.toolsqa.tests.NavigationTest</td>
<td></td>
<td>2</td>
<td>com.qa.toolsqa.tests.NavigationTest@bccb269</td></tr>
<tr>
<td title='com.qa.toolsqa.tests.LoginTest.testLoginFailsWithEmptyUsername()'><b>testLoginFailsWithEmptyUsername</b><br>Test class: com.qa.toolsqa.tests.LoginTest<br>Test method: Verify login fails when first name is empty</td>
<td></td>
<td>0</td>
<td>com.qa.toolsqa.tests.LoginTest@66d18979</td></tr>
<tr>
<td title='com.qa.toolsqa.tests.LoginTest.testLoginWithValidCredentials()'><b>testLoginWithValidCredentials</b><br>Test class: com.qa.toolsqa.tests.LoginTest<br>Test method: Verify successful login with valid credentials</td>
<td></td>
<td>2</td>
<td>com.qa.toolsqa.tests.LoginTest@66d18979</td></tr>
<tr>
<td title='com.qa.toolsqa.tests.RegisterTest.testRegistrationFailsWithoutPassword()'><b>testRegistrationFailsWithoutPassword</b><br>Test class: com.qa.toolsqa.tests.RegisterTest<br>Test method: Verify registration fails when password is empty</td>
<td></td>
<td>0</td>
<td>com.qa.toolsqa.tests.RegisterTest@6913c1fb</td></tr>
<tr>
<td title='com.qa.toolsqa.tests.LoginTest.testLoginFailWithEmptyPassword()'><b>testLoginFailWithEmptyPassword</b><br>Test class: com.qa.toolsqa.tests.LoginTest<br>Test method: Verify login fails when password is empty</td>
<td></td>
<td>0</td>
<td>com.qa.toolsqa.tests.LoginTest@66d18979</td></tr>
<tr>
<td title='com.qa.toolsqa.tests.RegisterTest.testRegistrationFailsWithoutFirstName()'><b>testRegistrationFailsWithoutFirstName</b><br>Test class: com.qa.toolsqa.tests.RegisterTest<br>Test method: Verify registration fails when first name is empty</td>
<td></td>
<td>0</td>
<td>com.qa.toolsqa.tests.RegisterTest@6913c1fb</td></tr>
<tr>
<td title='com.qa.toolsqa.tests.NavigationTest.logoutFromBookStorePage()'><b>logoutFromBookStorePage</b><br>Test class: com.qa.toolsqa.tests.NavigationTest</td>
<td></td>
<td>3</td>
<td>com.qa.toolsqa.tests.NavigationTest@bccb269</td></tr>
<tr>
<td title='com.qa.toolsqa.tests.RegisterTest.testRegistrationFailsWithoutUsername()'><b>testRegistrationFailsWithoutUsername</b><br>Test class: com.qa.toolsqa.tests.RegisterTest<br>Test method: Verify registration fails when username is empty</td>
<td></td>
<td>0</td>
<td>com.qa.toolsqa.tests.RegisterTest@6913c1fb</td></tr>
<tr>
<td title='com.qa.toolsqa.tests.LoginTest.testLoginFailsWithInvalidCredential()'><b>testLoginFailsWithInvalidCredential</b><br>Test class: com.qa.toolsqa.tests.LoginTest<br>Test method: Verify login fails with invalid credential</td>
<td></td>
<td>1</td>
<td>com.qa.toolsqa.tests.LoginTest@66d18979</td></tr>
</table><p>
</body>
</html>