<?xml version="1.0" encoding="UTF-8"?>
<!-- Generated by org.testng.reporters.JUnitXMLReporter -->
<testsuite ignored="0" hostname="MacBook-Pro.local" failures="1" tests="15" name="Firefox Tests" time="87.255" errors="0" timestamp="2026-01-23T00:44:20 CET">
  <testcase classname="com.qa.toolsqa.tests.RegisterTest" name="testRegistrationFailsWithoutFirstName" time="0.055"/>
  <testcase classname="com.qa.toolsqa.tests.RegisterTest" name="testRegistrationFailsWithoutLastName" time="0.054"/>
  <testcase classname="com.qa.toolsqa.tests.RegisterTest" name="testRegistrationFailsWithoutPassword" time="0.053"/>
  <testcase classname="com.qa.toolsqa.tests.RegisterTest" name="testRegistrationFailsWithoutRecaptcha" time="0.053"/>
  <testcase classname="com.qa.toolsqa.tests.RegisterTest" name="testRegistrationFailsWithoutUsername" time="0.074"/>
  <testcase classname="com.qa.toolsqa.tests.LoginTest" name="testLoginFailWithEmptyPassword" time="0.034"/>
  <testcase classname="com.qa.toolsqa.tests.LoginTest" name="testLoginFailsWithEmptyUsername" time="0.034"/>
  <testcase classname="com.qa.toolsqa.tests.LoginTest" name="testLoginFailsWithInvalidCredential" time="1.062"/>
  <testcase classname="com.qa.toolsqa.tests.LoginTest" name="testLoginFailsWithInvalidPassword" time="0.042"/>
  <testcase classname="com.qa.toolsqa.tests.LoginTest" name="testLoginWithValidCredentials" time="2.072"/>
  <testcase classname="com.qa.toolsqa.tests.LoginTest" name="testPasswordIsCaseSensitive" time="10.226">
    <failure type="org.openqa.selenium.TimeoutException" message="Expected condition failed: waiting for visibility of element located by By.id: name (tried for 10 second(s) with 500 milliseconds interval)
Build info: version: &amp;apos;4.25.0&amp;apos;, revision: &amp;apos;8a8aea2337&amp;apos;
System info: os.name: &amp;apos;Mac OS X&amp;apos;, os.arch: &amp;apos;aarch64&amp;apos;, os.version: &amp;apos;26.0.1&amp;apos;, java.version: &amp;apos;21.0.8&amp;apos;
Driver info: org.openqa.selenium.firefox.FirefoxDriver
Capabilities {acceptInsecureCerts: true, browserName: firefox, browserVersion: 147.0.1, moz:accessibilityChecks: false, moz:buildID: 20260116091309, moz:geckodriverVersion: 0.36.0, moz:headless: true, moz:platformVersion: 25.0.0, moz:processID: 32702, moz:profile: /var/folders/7p/hrnbqj5130z..., moz:shutdownTimeout: 60000, moz:webdriverClick: true, moz:windowless: false, pageLoadStrategy: normal, platformName: mac, proxy: Proxy(), setWindowRect: true, strictFileInteractability: false, timeouts: {implicit: 0, pageLoad: 300000, script: 30000}, unhandledPromptBehavior: dismiss and notify, userAgent: Mozilla/5.0 (Macintosh; Int...}
Session ID: f5032290-5b39-4d43-8ed1-142974683829">
      <![CDATA[org.openqa.selenium.TimeoutException: Expected condition failed: waiting for visibility of element located by By.id: name (tried for 10 second(s) with 500 milliseconds interval)
Build info: version: '4.25.0', revision: '8a8aea2337'
System info: os.name: 'Mac OS X', os.arch: 'aarch64', os.version: '26.0.1', java.version: '21.0.8'
Driver info: org.openqa.selenium.firefox.FirefoxDriver
Capabilities {acceptInsecureCerts: true, browserName: firefox, browserVersion: 147.0.1, moz:accessibilityChecks: false, moz:buildID: 20260116091309, moz:geckodriverVersion: 0.36.0, moz:headless: true, moz:platformVersion: 25.0.0, moz:processID: 32702, moz:profile: /var/folders/7p/hrnbqj5130z..., moz:shutdownTimeout: 60000, moz:webdriverClick: true, moz:windowless: false, pageLoadStrategy: normal, platformName: mac, proxy: Proxy(), setWindowRect: true, strictFileInteractability: false, timeouts: {implicit: 0, pageLoad: 300000, script: 30000}, unhandledPromptBehavior: dismiss and notify, userAgent: Mozilla/5.0 (Macintosh; Int...}
Session ID: f5032290-5b39-4d43-8ed1-142974683829
at org.openqa.selenium.support.ui.WebDriverWait.timeoutException(WebDriverWait.java:84)
at org.openqa.selenium.support.ui.FluentWait.until(FluentWait.java:228)
at com.qa.toolsqa.pages.LoginPage.getErrorMessage(LoginPage.java:42)
at com.qa.toolsqa.tests.LoginTest.testPasswordIsCaseSensitive(LoginTest.java:54)
at java.base/java.util.ArrayList.forEach(ArrayList.java:1596)
at java.base/java.util.concurrent.FutureTask.run(FutureTask.java:317)
at java.base/java.util.concurrent.ThreadPoolExecutor.runWorker(ThreadPoolExecutor.java:1144)
at java.base/java.util.concurrent.ThreadPoolExecutor$Worker.run(ThreadPoolExecutor.java:642)
at java.base/java.lang.Thread.run(Thread.java:1583)
... Removed 15 stack frames]]>
    </failure>
  </testcase> <!-- testPasswordIsCaseSensitive -->
  <testcase classname="com.qa.toolsqa.tests.NavigationTest" name="logoutFromBookStorePage" time="3.122"/>
  <testcase classname="com.qa.toolsqa.tests.NavigationTest" name="testUserCanLogoutFromPRofilePage" time="2.09"/>
  <testcase classname="com.qa.toolsqa.tests.NavigationTest" name="testUserCanNavigateToBookStoreFromProfile" time="2.092"/>
  <testcase classname="com.qa.toolsqa.tests.DeleteAccountTest" name="confermationMessage" time="2.113"/>
</testsuite> <!-- Firefox Tests -->
