<?xml version="1.0" encoding="UTF-8"?>
<!-- Generated by org.testng.reporters.JUnitReportReporter -->
<testsuite hostname="MacBook-Pro.local" failures="0" tests="10" name="com.qa.toolsqa.tests.RegisterTest" time="44.115" errors="0" timestamp="2026-01-23T00:53:18 CET" skipped="0">
  <testcase classname="com.qa.toolsqa.tests.RegisterTest" name="testRegistrationFailsWithoutRecaptcha" time="3.025"/>
  <testcase classname="com.qa.toolsqa.tests.RegisterTest" name="testRegistrationFailsWithoutUsername" time="17.263"/>
  <testcase classname="com.qa.toolsqa.tests.RegisterTest" name="testRegistrationFailsWithoutLastName" time="4.060"/>
  <testcase classname="com.qa.toolsqa.tests.RegisterTest" name="testRegistrationFailsWithoutPassword" time="2.007"/>
  <testcase classname="com.qa.toolsqa.tests.RegisterTest" name="testRegistrationFailsWithoutUsername" time="1.951"/>
  <testcase classname="com.qa.toolsqa.tests.RegisterTest" name="testRegistrationFailsWithoutRecaptcha" time="3.245"/>
  <testcase classname="com.qa.toolsqa.tests.RegisterTest" name="testRegistrationFailsWithoutLastName" time="2.036"/>
  <testcase classname="com.qa.toolsqa.tests.RegisterTest" name="testRegistrationFailsWithoutFirstName" time="3.593"/>
  <testcase classname="com.qa.toolsqa.tests.RegisterTest" name="testRegistrationFailsWithoutPassword" time="3.912"/>
  <testcase classname="com.qa.toolsqa.tests.RegisterTest" name="testRegistrationFailsWithoutFirstName" time="3.023"/>
</testsuite> <!-- com.qa.toolsqa.tests.RegisterTest -->
