<?xml version="1.0" encoding="UTF-8"?>
<!-- Generated by org.testng.reporters.JUnitReportReporter -->
<testsuite hostname="MacBook-Pro.local" failures="0" tests="2" name="com.qa.toolsqa.tests.DeleteAccountTest" time="8.622" errors="0" timestamp="2026-01-23T00:53:18 CET" skipped="0">
  <testcase classname="com.qa.toolsqa.tests.DeleteAccountTest" name="confermationMessage" time="3.746"/>
  <testcase classname="com.qa.toolsqa.tests.DeleteAccountTest" name="confermationMessage" time="4.876"/>
</testsuite> <!-- com.qa.toolsqa.tests.DeleteAccountTest -->
