<?xml version="1.0" encoding="UTF-8"?>
<!-- Generated by org.testng.reporters.JUnitReportReporter -->
<testsuite hostname="MacBook-Pro.local" failures="0" tests="6" name="com.qa.toolsqa.tests.NavigationTest" time="28.667" errors="0" timestamp="2026-01-23T00:53:18 CET" skipped="0">
  <testcase classname="com.qa.toolsqa.tests.NavigationTest" name="testUserCanLogoutFromPRofilePage" time="3.710"/>
  <testcase classname="com.qa.toolsqa.tests.NavigationTest" name="logoutFromBookStorePage" time="5.582"/>
  <testcase classname="com.qa.toolsqa.tests.NavigationTest" name="testUserCanLogoutFromPRofilePage" time="4.554"/>
  <testcase classname="com.qa.toolsqa.tests.NavigationTest" name="testUserCanNavigateToBookStoreFromProfile" time="5.983"/>
  <testcase classname="com.qa.toolsqa.tests.NavigationTest" name="logoutFromBookStorePage" time="4.854"/>
  <testcase classname="com.qa.toolsqa.tests.NavigationTest" name="testUserCanNavigateToBookStoreFromProfile" time="3.984"/>
</testsuite> <!-- com.qa.toolsqa.tests.NavigationTest -->
