<?xml version="1.0" encoding="UTF-8"?>
<!-- Generated by org.testng.reporters.JUnitReportReporter -->
<testsuite hostname="MacBook-Pro.local" failures="0" tests="10" name="com.qa.toolsqa.tests.LoginTest" time="36.839" errors="0" timestamp="2026-01-23T00:53:18 CET" skipped="0">
  <testcase classname="com.qa.toolsqa.tests.LoginTest" name="testLoginFailsWithEmptyUsername" time="5.447"/>
  <testcase classname="com.qa.toolsqa.tests.LoginTest" name="testLoginFailsWithInvalidCredential" time="3.287"/>
  <testcase classname="com.qa.toolsqa.tests.LoginTest" name="testLoginWithValidCredentials" time="3.457"/>
  <testcase classname="com.qa.toolsqa.tests.LoginTest" name="testLoginFailWithEmptyPassword" time="1.623"/>
  <testcase classname="com.qa.toolsqa.tests.LoginTest" name="testLoginFailsWithInvalidPassword" time="2.976"/>
  <testcase classname="com.qa.toolsqa.tests.LoginTest" name="testLoginFailWithEmptyPassword" time="7.466"/>
  <testcase classname="com.qa.toolsqa.tests.LoginTest" name="testLoginFailsWithEmptyUsername" time="1.844"/>
  <testcase classname="com.qa.toolsqa.tests.LoginTest" name="testLoginFailsWithInvalidPassword" time="1.934"/>
  <testcase classname="com.qa.toolsqa.tests.LoginTest" name="testLoginFailsWithInvalidCredential" time="4.595"/>
  <testcase classname="com.qa.toolsqa.tests.LoginTest" name="testLoginWithValidCredentials" time="4.210"/>
</testsuite> <!-- com.qa.toolsqa.tests.LoginTest -->
